TimeQuest Timing Analyzer report for topoPart4
Wed May 04 15:33:38 2016
Quartus II 64-Bit Version 13.0.1 Build 232 06/12/2013 Service Pack 1 SJ Web Edition


---------------------
; Table of Contents ;
---------------------
  1. Legal Notice
  2. TimeQuest Timing Analyzer Summary
  3. Parallel Compilation
  4. Clocks
  5. Slow Model Fmax Summary
  6. Slow Model Setup Summary
  7. Slow Model Hold Summary
  8. Slow Model Recovery Summary
  9. Slow Model Removal Summary
 10. Slow Model Minimum Pulse Width Summary
 11. Propagation Delay
 12. Minimum Propagation Delay
 13. Fast Model Setup Summary
 14. Fast Model Hold Summary
 15. Fast Model Recovery Summary
 16. Fast Model Removal Summary
 17. Fast Model Minimum Pulse Width Summary
 18. Propagation Delay
 19. Minimum Propagation Delay
 20. Multicorner Timing Analysis Summary
 21. Progagation Delay
 22. Minimum Progagation Delay
 23. Clock Transfers
 24. Report TCCS
 25. Report RSKM
 26. Unconstrained Paths
 27. TimeQuest Timing Analyzer Messages



----------------
; Legal Notice ;
----------------
Copyright (C) 1991-2013 Altera Corporation
Your use of Altera Corporation's design tools, logic functions 
and other software and tools, and its AMPP partner logic 
functions, and any output files from any of the foregoing 
(including device programming or simulation files), and any 
associated documentation or information are expressly subject 
to the terms and conditions of the Altera Program License 
Subscription Agreement, Altera MegaCore Function License 
Agreement, or other applicable license agreement, including, 
without limitation, that your use is for the sole purpose of 
programming logic devices manufactured by Altera and sold by 
Altera or its authorized distributors.  Please refer to the 
applicable agreement for further details.



+----------------------------------------------------------------------------------------+
; TimeQuest Timing Analyzer Summary                                                      ;
+--------------------+-------------------------------------------------------------------+
; Quartus II Version ; Version 13.0.1 Build 232 06/12/2013 Service Pack 1 SJ Web Edition ;
; Revision Name      ; topoPart4                                                         ;
; Device Family      ; Cyclone II                                                        ;
; Device Name        ; EP2C35F672C6                                                      ;
; Timing Models      ; Final                                                             ;
; Delay Model        ; Combined                                                          ;
; Rise/Fall Delays   ; Unavailable                                                       ;
+--------------------+-------------------------------------------------------------------+


Parallel compilation was disabled, but you have multiple processors available. Enable parallel compilation to reduce compilation time.
+-------------------------------------+
; Parallel Compilation                ;
+----------------------------+--------+
; Processors                 ; Number ;
+----------------------------+--------+
; Number detected on machine ; 4      ;
; Maximum allowed            ; 1      ;
+----------------------------+--------+


----------
; Clocks ;
----------
No clocks to report.


---------------------------
; Slow Model Fmax Summary ;
---------------------------
No paths to report.


----------------------------
; Slow Model Setup Summary ;
----------------------------
No paths to report.


---------------------------
; Slow Model Hold Summary ;
---------------------------
No paths to report.


-------------------------------
; Slow Model Recovery Summary ;
-------------------------------
No paths to report.


------------------------------
; Slow Model Removal Summary ;
------------------------------
No paths to report.


------------------------------------------
; Slow Model Minimum Pulse Width Summary ;
------------------------------------------
No paths to report.


+--------------------------------------------------------------+
; Propagation Delay                                            ;
+------------+-------------+--------+--------+--------+--------+
; Input Port ; Output Port ; RR     ; RF     ; FR     ; FF     ;
+------------+-------------+--------+--------+--------+--------+
; SW[0]      ; HEX0[0]     ; 14.850 ; 14.850 ; 14.850 ; 14.850 ;
; SW[0]      ; HEX0[1]     ; 14.818 ; 14.818 ; 14.818 ; 14.818 ;
; SW[0]      ; HEX0[2]     ; 14.819 ; 14.819 ; 14.819 ; 14.819 ;
; SW[0]      ; HEX0[3]     ; 14.604 ; 14.604 ; 14.604 ; 14.604 ;
; SW[0]      ; HEX0[4]     ; 14.612 ; 14.612 ; 14.612 ; 14.612 ;
; SW[0]      ; HEX0[5]     ; 14.584 ; 14.584 ; 14.584 ; 14.584 ;
; SW[0]      ; HEX0[6]     ; 14.592 ; 14.592 ; 14.592 ; 14.592 ;
; SW[0]      ; HEX1[0]     ; 11.278 ; 11.278 ; 11.278 ; 11.278 ;
; SW[0]      ; HEX1[3]     ; 11.144 ; 11.144 ; 11.144 ; 11.144 ;
; SW[0]      ; HEX1[4]     ; 11.164 ; 11.164 ; 11.164 ; 11.164 ;
; SW[0]      ; HEX1[5]     ; 10.842 ; 10.842 ; 10.842 ; 10.842 ;
; SW[0]      ; HEX4[0]     ; 10.242 ; 10.242 ; 10.242 ; 10.242 ;
; SW[0]      ; HEX4[1]     ; 9.015  ; 9.015  ; 9.015  ; 9.015  ;
; SW[0]      ; HEX4[2]     ;        ; 9.396  ; 9.396  ;        ;
; SW[0]      ; HEX4[3]     ; 9.860  ; 9.860  ; 9.860  ; 9.860  ;
; SW[0]      ; HEX4[4]     ; 8.664  ;        ;        ; 8.664  ;
; SW[0]      ; HEX4[5]     ; 8.879  ;        ;        ; 8.879  ;
; SW[0]      ; HEX4[6]     ; 10.076 ;        ;        ; 10.076 ;
; SW[0]      ; LEDR[0]     ; 6.366  ;        ;        ; 6.366  ;
; SW[1]      ; HEX0[0]     ; 15.232 ; 15.232 ; 15.232 ; 15.232 ;
; SW[1]      ; HEX0[1]     ; 15.200 ; 15.200 ; 15.200 ; 15.200 ;
; SW[1]      ; HEX0[2]     ; 15.201 ; 15.201 ; 15.201 ; 15.201 ;
; SW[1]      ; HEX0[3]     ; 14.986 ; 14.986 ; 14.986 ; 14.986 ;
; SW[1]      ; HEX0[4]     ; 14.994 ; 14.994 ; 14.994 ; 14.994 ;
; SW[1]      ; HEX0[5]     ; 14.966 ; 14.966 ; 14.966 ; 14.966 ;
; SW[1]      ; HEX0[6]     ; 14.974 ; 14.974 ; 14.974 ; 14.974 ;
; SW[1]      ; HEX1[0]     ; 11.660 ; 11.660 ; 11.660 ; 11.660 ;
; SW[1]      ; HEX1[3]     ; 11.526 ; 11.526 ; 11.526 ; 11.526 ;
; SW[1]      ; HEX1[4]     ; 11.546 ; 11.546 ; 11.546 ; 11.546 ;
; SW[1]      ; HEX1[5]     ; 11.224 ; 11.224 ; 11.224 ; 11.224 ;
; SW[1]      ; HEX4[0]     ; 9.698  ; 9.698  ; 9.698  ; 9.698  ;
; SW[1]      ; HEX4[1]     ; 8.495  ; 8.495  ; 8.495  ; 8.495  ;
; SW[1]      ; HEX4[2]     ; 8.886  ; 8.886  ; 8.886  ; 8.886  ;
; SW[1]      ; HEX4[3]     ; 9.291  ; 9.291  ; 9.291  ; 9.291  ;
; SW[1]      ; HEX4[4]     ; 8.114  ; 8.114  ; 8.114  ; 8.114  ;
; SW[1]      ; HEX4[5]     ; 8.324  ; 8.324  ; 8.324  ; 8.324  ;
; SW[1]      ; HEX4[6]     ; 9.517  ; 9.517  ; 9.517  ; 9.517  ;
; SW[1]      ; LEDR[1]     ; 5.673  ;        ;        ; 5.673  ;
; SW[2]      ; HEX0[0]     ; 14.731 ; 14.731 ; 14.731 ; 14.731 ;
; SW[2]      ; HEX0[1]     ; 14.699 ; 14.699 ; 14.699 ; 14.699 ;
; SW[2]      ; HEX0[2]     ; 14.700 ; 14.700 ; 14.700 ; 14.700 ;
; SW[2]      ; HEX0[3]     ; 14.485 ; 14.485 ; 14.485 ; 14.485 ;
; SW[2]      ; HEX0[4]     ; 14.493 ; 14.493 ; 14.493 ; 14.493 ;
; SW[2]      ; HEX0[5]     ; 14.465 ; 14.465 ; 14.465 ; 14.465 ;
; SW[2]      ; HEX0[6]     ; 14.473 ; 14.473 ; 14.473 ; 14.473 ;
; SW[2]      ; HEX1[0]     ; 11.159 ; 11.159 ; 11.159 ; 11.159 ;
; SW[2]      ; HEX1[3]     ; 11.025 ; 11.025 ; 11.025 ; 11.025 ;
; SW[2]      ; HEX1[4]     ; 11.045 ; 11.045 ; 11.045 ; 11.045 ;
; SW[2]      ; HEX1[5]     ; 10.723 ; 10.723 ; 10.723 ; 10.723 ;
; SW[2]      ; HEX4[0]     ; 9.613  ; 9.613  ; 9.613  ; 9.613  ;
; SW[2]      ; HEX4[1]     ; 8.411  ;        ;        ; 8.411  ;
; SW[2]      ; HEX4[2]     ; 8.806  ; 8.806  ; 8.806  ; 8.806  ;
; SW[2]      ; HEX4[3]     ; 9.222  ; 9.222  ; 9.222  ; 9.222  ;
; SW[2]      ; HEX4[4]     ; 8.030  ;        ;        ; 8.030  ;
; SW[2]      ; HEX4[5]     ; 8.243  ; 8.243  ; 8.243  ; 8.243  ;
; SW[2]      ; HEX4[6]     ; 9.439  ; 9.439  ; 9.439  ; 9.439  ;
; SW[2]      ; LEDR[2]     ; 5.935  ;        ;        ; 5.935  ;
; SW[3]      ; HEX0[0]     ; 13.348 ; 13.348 ; 13.348 ; 13.348 ;
; SW[3]      ; HEX0[1]     ; 13.316 ; 13.316 ; 13.316 ; 13.316 ;
; SW[3]      ; HEX0[2]     ; 13.317 ; 13.317 ; 13.317 ; 13.317 ;
; SW[3]      ; HEX0[3]     ; 13.102 ; 13.102 ; 13.102 ; 13.102 ;
; SW[3]      ; HEX0[4]     ; 13.110 ; 13.110 ; 13.110 ; 13.110 ;
; SW[3]      ; HEX0[5]     ; 13.082 ; 13.082 ; 13.082 ; 13.082 ;
; SW[3]      ; HEX0[6]     ; 13.090 ; 13.090 ; 13.090 ; 13.090 ;
; SW[3]      ; HEX1[0]     ; 9.776  ; 9.776  ; 9.776  ; 9.776  ;
; SW[3]      ; HEX1[3]     ; 9.642  ; 9.642  ; 9.642  ; 9.642  ;
; SW[3]      ; HEX1[4]     ; 9.662  ; 9.662  ; 9.662  ; 9.662  ;
; SW[3]      ; HEX1[5]     ; 9.340  ; 9.340  ; 9.340  ; 9.340  ;
; SW[3]      ; HEX4[0]     ; 9.336  ; 9.336  ; 9.336  ; 9.336  ;
; SW[3]      ; HEX4[1]     ; 8.107  ; 8.107  ; 8.107  ; 8.107  ;
; SW[3]      ; HEX4[2]     ; 8.498  ; 8.498  ; 8.498  ; 8.498  ;
; SW[3]      ; HEX4[3]     ; 8.943  ; 8.943  ; 8.943  ; 8.943  ;
; SW[3]      ; HEX4[4]     ; 7.753  ; 7.753  ; 7.753  ; 7.753  ;
; SW[3]      ; HEX4[5]     ; 7.962  ; 7.962  ; 7.962  ; 7.962  ;
; SW[3]      ; HEX4[6]     ; 9.160  ; 9.160  ; 9.160  ; 9.160  ;
; SW[3]      ; LEDR[3]     ; 5.425  ;        ;        ; 5.425  ;
; SW[4]      ; HEX0[0]     ; 14.157 ; 14.157 ; 14.157 ; 14.157 ;
; SW[4]      ; HEX0[1]     ; 14.125 ; 14.125 ; 14.125 ; 14.125 ;
; SW[4]      ; HEX0[2]     ; 14.126 ; 14.126 ; 14.126 ; 14.126 ;
; SW[4]      ; HEX0[3]     ; 13.911 ; 13.911 ; 13.911 ; 13.911 ;
; SW[4]      ; HEX0[4]     ; 13.919 ; 13.919 ; 13.919 ; 13.919 ;
; SW[4]      ; HEX0[5]     ; 13.891 ; 13.891 ; 13.891 ; 13.891 ;
; SW[4]      ; HEX0[6]     ; 13.899 ; 13.899 ; 13.899 ; 13.899 ;
; SW[4]      ; HEX1[0]     ; 10.585 ; 10.585 ; 10.585 ; 10.585 ;
; SW[4]      ; HEX1[3]     ; 10.451 ; 10.451 ; 10.451 ; 10.451 ;
; SW[4]      ; HEX1[4]     ; 10.471 ; 10.471 ; 10.471 ; 10.471 ;
; SW[4]      ; HEX1[5]     ; 10.149 ; 10.149 ; 10.149 ; 10.149 ;
; SW[4]      ; HEX6[0]     ; 8.308  ; 8.308  ; 8.308  ; 8.308  ;
; SW[4]      ; HEX6[1]     ; 9.328  ; 9.328  ; 9.328  ; 9.328  ;
; SW[4]      ; HEX6[2]     ;        ; 8.570  ; 8.570  ;        ;
; SW[4]      ; HEX6[3]     ; 8.264  ; 8.264  ; 8.264  ; 8.264  ;
; SW[4]      ; HEX6[4]     ; 8.697  ;        ;        ; 8.697  ;
; SW[4]      ; HEX6[5]     ; 9.583  ;        ;        ; 9.583  ;
; SW[4]      ; HEX6[6]     ; 8.429  ;        ;        ; 8.429  ;
; SW[4]      ; LEDR[4]     ; 5.280  ;        ;        ; 5.280  ;
; SW[5]      ; HEX0[0]     ; 13.826 ; 13.826 ; 13.826 ; 13.826 ;
; SW[5]      ; HEX0[1]     ; 13.794 ; 13.794 ; 13.794 ; 13.794 ;
; SW[5]      ; HEX0[2]     ; 13.795 ; 13.795 ; 13.795 ; 13.795 ;
; SW[5]      ; HEX0[3]     ; 13.580 ; 13.580 ; 13.580 ; 13.580 ;
; SW[5]      ; HEX0[4]     ; 13.588 ; 13.588 ; 13.588 ; 13.588 ;
; SW[5]      ; HEX0[5]     ; 13.560 ; 13.560 ; 13.560 ; 13.560 ;
; SW[5]      ; HEX0[6]     ; 13.568 ; 13.568 ; 13.568 ; 13.568 ;
; SW[5]      ; HEX1[0]     ; 10.254 ; 10.254 ; 10.254 ; 10.254 ;
; SW[5]      ; HEX1[3]     ; 10.120 ; 10.120 ; 10.120 ; 10.120 ;
; SW[5]      ; HEX1[4]     ; 10.140 ; 10.140 ; 10.140 ; 10.140 ;
; SW[5]      ; HEX1[5]     ; 9.818  ; 9.818  ; 9.818  ; 9.818  ;
; SW[5]      ; HEX6[0]     ; 7.977  ; 7.977  ; 7.977  ; 7.977  ;
; SW[5]      ; HEX6[1]     ; 8.997  ; 8.997  ; 8.997  ; 8.997  ;
; SW[5]      ; HEX6[2]     ; 8.279  ; 8.279  ; 8.279  ; 8.279  ;
; SW[5]      ; HEX6[3]     ; 7.933  ; 7.933  ; 7.933  ; 7.933  ;
; SW[5]      ; HEX6[4]     ; 8.366  ; 8.366  ; 8.366  ; 8.366  ;
; SW[5]      ; HEX6[5]     ; 9.250  ; 9.250  ; 9.250  ; 9.250  ;
; SW[5]      ; HEX6[6]     ; 8.098  ; 8.098  ; 8.098  ; 8.098  ;
; SW[5]      ; LEDR[5]     ; 5.702  ;        ;        ; 5.702  ;
; SW[6]      ; HEX0[0]     ; 14.171 ; 14.171 ; 14.171 ; 14.171 ;
; SW[6]      ; HEX0[1]     ; 14.139 ; 14.139 ; 14.139 ; 14.139 ;
; SW[6]      ; HEX0[2]     ; 14.140 ; 14.140 ; 14.140 ; 14.140 ;
; SW[6]      ; HEX0[3]     ; 13.925 ; 13.925 ; 13.925 ; 13.925 ;
; SW[6]      ; HEX0[4]     ; 13.933 ; 13.933 ; 13.933 ; 13.933 ;
; SW[6]      ; HEX0[5]     ; 13.905 ; 13.905 ; 13.905 ; 13.905 ;
; SW[6]      ; HEX0[6]     ; 13.913 ; 13.913 ; 13.913 ; 13.913 ;
; SW[6]      ; HEX1[0]     ; 10.599 ; 10.599 ; 10.599 ; 10.599 ;
; SW[6]      ; HEX1[3]     ; 10.465 ; 10.465 ; 10.465 ; 10.465 ;
; SW[6]      ; HEX1[4]     ; 10.485 ; 10.485 ; 10.485 ; 10.485 ;
; SW[6]      ; HEX1[5]     ; 10.163 ; 10.163 ; 10.163 ; 10.163 ;
; SW[6]      ; HEX6[0]     ; 8.322  ; 8.322  ; 8.322  ; 8.322  ;
; SW[6]      ; HEX6[1]     ; 9.342  ;        ;        ; 9.342  ;
; SW[6]      ; HEX6[2]     ; 8.624  ; 8.624  ; 8.624  ; 8.624  ;
; SW[6]      ; HEX6[3]     ; 8.276  ; 8.276  ; 8.276  ; 8.276  ;
; SW[6]      ; HEX6[4]     ; 8.711  ;        ;        ; 8.711  ;
; SW[6]      ; HEX6[5]     ; 9.594  ; 9.594  ; 9.594  ; 9.594  ;
; SW[6]      ; HEX6[6]     ; 8.443  ; 8.443  ; 8.443  ; 8.443  ;
; SW[6]      ; LEDR[6]     ; 5.340  ;        ;        ; 5.340  ;
; SW[7]      ; HEX0[0]     ; 14.927 ; 14.927 ; 14.927 ; 14.927 ;
; SW[7]      ; HEX0[1]     ; 14.895 ; 14.895 ; 14.895 ; 14.895 ;
; SW[7]      ; HEX0[2]     ; 14.896 ; 14.896 ; 14.896 ; 14.896 ;
; SW[7]      ; HEX0[3]     ; 14.681 ; 14.681 ; 14.681 ; 14.681 ;
; SW[7]      ; HEX0[4]     ; 14.689 ; 14.689 ; 14.689 ; 14.689 ;
; SW[7]      ; HEX0[5]     ; 14.661 ; 14.661 ; 14.661 ; 14.661 ;
; SW[7]      ; HEX0[6]     ; 14.669 ; 14.669 ; 14.669 ; 14.669 ;
; SW[7]      ; HEX1[0]     ; 11.355 ; 11.355 ; 11.355 ; 11.355 ;
; SW[7]      ; HEX1[3]     ; 11.221 ; 11.221 ; 11.221 ; 11.221 ;
; SW[7]      ; HEX1[4]     ; 11.241 ; 11.241 ; 11.241 ; 11.241 ;
; SW[7]      ; HEX1[5]     ; 10.919 ; 10.919 ; 10.919 ; 10.919 ;
; SW[7]      ; HEX6[0]     ; 9.091  ; 9.091  ; 9.091  ; 9.091  ;
; SW[7]      ; HEX6[1]     ; 10.115 ; 10.115 ; 10.115 ; 10.115 ;
; SW[7]      ; HEX6[2]     ; 9.419  ; 9.419  ; 9.419  ; 9.419  ;
; SW[7]      ; HEX6[3]     ; 9.081  ; 9.081  ; 9.081  ; 9.081  ;
; SW[7]      ; HEX6[4]     ; 9.511  ; 9.511  ; 9.511  ; 9.511  ;
; SW[7]      ; HEX6[5]     ; 10.397 ; 10.397 ; 10.397 ; 10.397 ;
; SW[7]      ; HEX6[6]     ; 9.220  ; 9.220  ; 9.220  ; 9.220  ;
; SW[7]      ; LEDR[7]     ; 6.279  ;        ;        ; 6.279  ;
; SW[8]      ; HEX0[0]     ; 15.829 ; 15.829 ; 15.829 ; 15.829 ;
; SW[8]      ; HEX0[1]     ; 15.797 ; 15.797 ; 15.797 ; 15.797 ;
; SW[8]      ; HEX0[2]     ; 15.798 ; 15.798 ; 15.798 ; 15.798 ;
; SW[8]      ; HEX0[3]     ; 15.583 ; 15.583 ; 15.583 ; 15.583 ;
; SW[8]      ; HEX0[4]     ; 15.591 ; 15.591 ; 15.591 ; 15.591 ;
; SW[8]      ; HEX0[5]     ; 15.563 ; 15.563 ; 15.563 ; 15.563 ;
; SW[8]      ; HEX0[6]     ; 15.571 ; 15.571 ; 15.571 ; 15.571 ;
; SW[8]      ; HEX1[0]     ; 12.257 ; 12.257 ; 12.257 ; 12.257 ;
; SW[8]      ; HEX1[3]     ; 12.123 ; 12.123 ; 12.123 ; 12.123 ;
; SW[8]      ; HEX1[4]     ; 12.143 ; 12.143 ; 12.143 ; 12.143 ;
; SW[8]      ; HEX1[5]     ; 11.821 ; 11.821 ; 11.821 ; 11.821 ;
; SW[8]      ; LEDR[8]     ; 5.894  ;        ;        ; 5.894  ;
+------------+-------------+--------+--------+--------+--------+


+--------------------------------------------------------------+
; Minimum Propagation Delay                                    ;
+------------+-------------+--------+--------+--------+--------+
; Input Port ; Output Port ; RR     ; RF     ; FR     ; FF     ;
+------------+-------------+--------+--------+--------+--------+
; SW[0]      ; HEX0[0]     ; 8.577  ; 8.577  ; 8.577  ; 8.577  ;
; SW[0]      ; HEX0[1]     ; 8.545  ; 8.545  ; 8.545  ; 8.545  ;
; SW[0]      ; HEX0[2]     ; 8.529  ; 8.529  ; 8.529  ; 8.529  ;
; SW[0]      ; HEX0[3]     ; 8.331  ; 8.331  ; 8.331  ; 8.331  ;
; SW[0]      ; HEX0[4]     ; 8.339  ; 8.339  ; 8.339  ; 8.339  ;
; SW[0]      ; HEX0[5]     ; 8.311  ; 8.311  ; 8.311  ; 8.311  ;
; SW[0]      ; HEX0[6]     ; 8.319  ; 8.319  ; 8.319  ; 8.319  ;
; SW[0]      ; HEX1[0]     ; 11.025 ; 11.278 ; 11.278 ; 11.025 ;
; SW[0]      ; HEX1[3]     ; 10.891 ; 11.144 ; 11.144 ; 10.891 ;
; SW[0]      ; HEX1[4]     ; 10.911 ; 11.164 ; 11.164 ; 10.911 ;
; SW[0]      ; HEX1[5]     ; 10.589 ; 10.842 ; 10.842 ; 10.589 ;
; SW[0]      ; HEX4[0]     ; 10.242 ; 10.242 ; 10.242 ; 10.242 ;
; SW[0]      ; HEX4[1]     ; 9.015  ; 9.015  ; 9.015  ; 9.015  ;
; SW[0]      ; HEX4[2]     ;        ; 9.396  ; 9.396  ;        ;
; SW[0]      ; HEX4[3]     ; 9.860  ; 9.860  ; 9.860  ; 9.860  ;
; SW[0]      ; HEX4[4]     ; 8.664  ;        ;        ; 8.664  ;
; SW[0]      ; HEX4[5]     ; 8.879  ;        ;        ; 8.879  ;
; SW[0]      ; HEX4[6]     ; 10.076 ;        ;        ; 10.076 ;
; SW[0]      ; LEDR[0]     ; 6.366  ;        ;        ; 6.366  ;
; SW[1]      ; HEX0[0]     ; 9.249  ; 9.249  ; 9.249  ; 9.249  ;
; SW[1]      ; HEX0[1]     ; 9.217  ; 9.217  ; 9.217  ; 9.217  ;
; SW[1]      ; HEX0[2]     ; 9.201  ; 9.201  ; 9.201  ; 9.201  ;
; SW[1]      ; HEX0[3]     ; 9.003  ; 9.003  ; 9.003  ; 9.003  ;
; SW[1]      ; HEX0[4]     ; 9.011  ; 9.011  ; 9.011  ; 9.011  ;
; SW[1]      ; HEX0[5]     ; 8.983  ; 8.983  ; 8.983  ; 8.983  ;
; SW[1]      ; HEX0[6]     ; 8.991  ; 8.991  ; 8.991  ; 8.991  ;
; SW[1]      ; HEX1[0]     ; 10.476 ; 10.232 ; 10.232 ; 10.476 ;
; SW[1]      ; HEX1[3]     ; 10.342 ; 10.098 ; 10.098 ; 10.342 ;
; SW[1]      ; HEX1[4]     ; 10.362 ; 10.118 ; 10.118 ; 10.362 ;
; SW[1]      ; HEX1[5]     ; 10.040 ; 9.796  ; 9.796  ; 10.040 ;
; SW[1]      ; HEX4[0]     ; 9.698  ; 9.698  ; 9.698  ; 9.698  ;
; SW[1]      ; HEX4[1]     ; 8.495  ; 8.495  ; 8.495  ; 8.495  ;
; SW[1]      ; HEX4[2]     ; 8.886  ; 8.886  ; 8.886  ; 8.886  ;
; SW[1]      ; HEX4[3]     ; 9.291  ; 9.291  ; 9.291  ; 9.291  ;
; SW[1]      ; HEX4[4]     ; 8.114  ; 8.114  ; 8.114  ; 8.114  ;
; SW[1]      ; HEX4[5]     ; 8.324  ; 8.324  ; 8.324  ; 8.324  ;
; SW[1]      ; HEX4[6]     ; 9.517  ; 9.517  ; 9.517  ; 9.517  ;
; SW[1]      ; LEDR[1]     ; 5.673  ;        ;        ; 5.673  ;
; SW[2]      ; HEX0[0]     ; 9.706  ; 9.706  ; 9.706  ; 9.706  ;
; SW[2]      ; HEX0[1]     ; 9.674  ; 9.674  ; 9.674  ; 9.674  ;
; SW[2]      ; HEX0[2]     ; 9.658  ; 9.658  ; 9.658  ; 9.658  ;
; SW[2]      ; HEX0[3]     ; 9.460  ; 9.460  ; 9.460  ; 9.460  ;
; SW[2]      ; HEX0[4]     ; 9.468  ; 9.468  ; 9.468  ; 9.468  ;
; SW[2]      ; HEX0[5]     ; 9.440  ; 9.440  ; 9.440  ; 9.440  ;
; SW[2]      ; HEX0[6]     ; 9.448  ; 9.448  ; 9.448  ; 9.448  ;
; SW[2]      ; HEX1[0]     ; 10.009 ; 9.765  ; 9.765  ; 10.009 ;
; SW[2]      ; HEX1[3]     ; 9.875  ; 9.631  ; 9.631  ; 9.875  ;
; SW[2]      ; HEX1[4]     ; 9.895  ; 9.651  ; 9.651  ; 9.895  ;
; SW[2]      ; HEX1[5]     ; 9.573  ; 9.329  ; 9.329  ; 9.573  ;
; SW[2]      ; HEX4[0]     ; 9.613  ; 9.613  ; 9.613  ; 9.613  ;
; SW[2]      ; HEX4[1]     ; 8.411  ;        ;        ; 8.411  ;
; SW[2]      ; HEX4[2]     ; 8.806  ; 8.806  ; 8.806  ; 8.806  ;
; SW[2]      ; HEX4[3]     ; 9.222  ; 9.222  ; 9.222  ; 9.222  ;
; SW[2]      ; HEX4[4]     ; 8.030  ;        ;        ; 8.030  ;
; SW[2]      ; HEX4[5]     ; 8.243  ; 8.243  ; 8.243  ; 8.243  ;
; SW[2]      ; HEX4[6]     ; 9.439  ; 9.439  ; 9.439  ; 9.439  ;
; SW[2]      ; LEDR[2]     ; 5.935  ;        ;        ; 5.935  ;
; SW[3]      ; HEX0[0]     ; 7.718  ; 7.718  ; 7.718  ; 7.718  ;
; SW[3]      ; HEX0[1]     ; 7.899  ; 7.686  ; 7.686  ; 7.899  ;
; SW[3]      ; HEX0[2]     ; 7.883  ; 7.670  ; 7.670  ; 7.883  ;
; SW[3]      ; HEX0[3]     ; 7.685  ; 7.472  ; 7.472  ; 7.685  ;
; SW[3]      ; HEX0[4]     ; 7.693  ; 7.480  ; 7.480  ; 7.693  ;
; SW[3]      ; HEX0[5]     ; 7.452  ; 7.452  ; 7.452  ; 7.452  ;
; SW[3]      ; HEX0[6]     ; 7.460  ; 7.460  ; 7.460  ; 7.460  ;
; SW[3]      ; HEX1[0]     ; 8.386  ; 8.630  ; 8.630  ; 8.386  ;
; SW[3]      ; HEX1[3]     ; 8.252  ; 8.496  ; 8.496  ; 8.252  ;
; SW[3]      ; HEX1[4]     ; 8.272  ; 8.516  ; 8.516  ; 8.272  ;
; SW[3]      ; HEX1[5]     ; 7.950  ; 8.194  ; 8.194  ; 7.950  ;
; SW[3]      ; HEX4[0]     ; 9.336  ; 9.336  ; 9.336  ; 9.336  ;
; SW[3]      ; HEX4[1]     ; 8.107  ; 8.107  ; 8.107  ; 8.107  ;
; SW[3]      ; HEX4[2]     ; 8.498  ; 8.498  ; 8.498  ; 8.498  ;
; SW[3]      ; HEX4[3]     ; 8.943  ; 8.943  ; 8.943  ; 8.943  ;
; SW[3]      ; HEX4[4]     ; 7.753  ; 7.753  ; 7.753  ; 7.753  ;
; SW[3]      ; HEX4[5]     ; 7.962  ; 7.962  ; 7.962  ; 7.962  ;
; SW[3]      ; HEX4[6]     ; 9.160  ; 9.160  ; 9.160  ; 9.160  ;
; SW[3]      ; LEDR[3]     ; 5.425  ;        ;        ; 5.425  ;
; SW[4]      ; HEX0[0]     ; 7.169  ; 7.169  ; 7.169  ; 7.169  ;
; SW[4]      ; HEX0[1]     ; 7.133  ; 7.133  ; 7.133  ; 7.133  ;
; SW[4]      ; HEX0[2]     ; 7.145  ; 7.145  ; 7.145  ; 7.145  ;
; SW[4]      ; HEX0[3]     ; 6.917  ; 6.917  ; 6.917  ; 6.917  ;
; SW[4]      ; HEX0[4]     ; 6.922  ; 6.922  ; 6.922  ; 6.922  ;
; SW[4]      ; HEX0[5]     ; 6.910  ; 6.910  ; 6.910  ; 6.910  ;
; SW[4]      ; HEX0[6]     ; 6.903  ; 6.903  ; 6.903  ; 6.903  ;
; SW[4]      ; HEX1[0]     ; 9.359  ; 9.089  ; 9.089  ; 9.359  ;
; SW[4]      ; HEX1[3]     ; 9.225  ; 8.955  ; 8.955  ; 9.225  ;
; SW[4]      ; HEX1[4]     ; 9.245  ; 8.975  ; 8.975  ; 9.245  ;
; SW[4]      ; HEX1[5]     ; 8.923  ; 8.653  ; 8.653  ; 8.923  ;
; SW[4]      ; HEX6[0]     ; 8.308  ; 8.308  ; 8.308  ; 8.308  ;
; SW[4]      ; HEX6[1]     ; 9.328  ; 9.328  ; 9.328  ; 9.328  ;
; SW[4]      ; HEX6[2]     ;        ; 8.570  ; 8.570  ;        ;
; SW[4]      ; HEX6[3]     ; 8.264  ; 8.264  ; 8.264  ; 8.264  ;
; SW[4]      ; HEX6[4]     ; 8.697  ;        ;        ; 8.697  ;
; SW[4]      ; HEX6[5]     ; 9.583  ;        ;        ; 9.583  ;
; SW[4]      ; HEX6[6]     ; 8.429  ;        ;        ; 8.429  ;
; SW[4]      ; LEDR[4]     ; 5.280  ;        ;        ; 5.280  ;
; SW[5]      ; HEX0[0]     ; 6.894  ; 6.894  ; 6.894  ; 6.894  ;
; SW[5]      ; HEX0[1]     ; 6.862  ; 6.862  ; 6.862  ; 6.862  ;
; SW[5]      ; HEX0[2]     ; 6.846  ; 6.846  ; 6.846  ; 6.846  ;
; SW[5]      ; HEX0[3]     ; 6.648  ; 6.648  ; 6.648  ; 6.648  ;
; SW[5]      ; HEX0[4]     ; 6.656  ; 6.656  ; 6.656  ; 6.656  ;
; SW[5]      ; HEX0[5]     ; 6.628  ; 6.628  ; 6.628  ; 6.628  ;
; SW[5]      ; HEX0[6]     ; 6.636  ; 6.636  ; 6.636  ; 6.636  ;
; SW[5]      ; HEX1[0]     ; 8.758  ; 8.512  ; 8.512  ; 8.758  ;
; SW[5]      ; HEX1[3]     ; 8.624  ; 8.378  ; 8.378  ; 8.624  ;
; SW[5]      ; HEX1[4]     ; 8.644  ; 8.398  ; 8.398  ; 8.644  ;
; SW[5]      ; HEX1[5]     ; 8.322  ; 8.076  ; 8.076  ; 8.322  ;
; SW[5]      ; HEX6[0]     ; 7.977  ; 7.977  ; 7.977  ; 7.977  ;
; SW[5]      ; HEX6[1]     ; 8.997  ; 8.997  ; 8.997  ; 8.997  ;
; SW[5]      ; HEX6[2]     ; 8.279  ; 8.279  ; 8.279  ; 8.279  ;
; SW[5]      ; HEX6[3]     ; 7.933  ; 7.933  ; 7.933  ; 7.933  ;
; SW[5]      ; HEX6[4]     ; 8.366  ; 8.366  ; 8.366  ; 8.366  ;
; SW[5]      ; HEX6[5]     ; 9.250  ; 9.250  ; 9.250  ; 9.250  ;
; SW[5]      ; HEX6[6]     ; 8.098  ; 8.098  ; 8.098  ; 8.098  ;
; SW[5]      ; LEDR[5]     ; 5.702  ;        ;        ; 5.702  ;
; SW[6]      ; HEX0[0]     ; 8.589  ; 8.589  ; 8.589  ; 8.589  ;
; SW[6]      ; HEX0[1]     ; 8.562  ; 8.562  ; 8.562  ; 8.562  ;
; SW[6]      ; HEX0[2]     ; 8.575  ; 8.575  ; 8.575  ; 8.575  ;
; SW[6]      ; HEX0[3]     ; 8.345  ; 8.345  ; 8.345  ; 8.345  ;
; SW[6]      ; HEX0[4]     ; 8.353  ; 8.353  ; 8.353  ; 8.353  ;
; SW[6]      ; HEX0[5]     ; 8.326  ; 8.326  ; 8.326  ; 8.326  ;
; SW[6]      ; HEX0[6]     ; 8.333  ; 8.333  ; 8.333  ; 8.333  ;
; SW[6]      ; HEX1[0]     ; 9.010  ; 8.757  ; 8.757  ; 9.010  ;
; SW[6]      ; HEX1[3]     ; 8.876  ; 8.623  ; 8.623  ; 8.876  ;
; SW[6]      ; HEX1[4]     ; 8.896  ; 8.643  ; 8.643  ; 8.896  ;
; SW[6]      ; HEX1[5]     ; 8.574  ; 8.321  ; 8.321  ; 8.574  ;
; SW[6]      ; HEX6[0]     ; 8.322  ; 8.322  ; 8.322  ; 8.322  ;
; SW[6]      ; HEX6[1]     ; 9.342  ;        ;        ; 9.342  ;
; SW[6]      ; HEX6[2]     ; 8.624  ; 8.624  ; 8.624  ; 8.624  ;
; SW[6]      ; HEX6[3]     ; 8.276  ; 8.276  ; 8.276  ; 8.276  ;
; SW[6]      ; HEX6[4]     ; 8.711  ;        ;        ; 8.711  ;
; SW[6]      ; HEX6[5]     ; 9.594  ; 9.594  ; 9.594  ; 9.594  ;
; SW[6]      ; HEX6[6]     ; 8.443  ; 8.443  ; 8.443  ; 8.443  ;
; SW[6]      ; LEDR[6]     ; 5.340  ;        ;        ; 5.340  ;
; SW[7]      ; HEX0[0]     ; 9.142  ; 9.142  ; 9.142  ; 9.142  ;
; SW[7]      ; HEX0[1]     ; 9.115  ; 9.115  ; 9.115  ; 9.115  ;
; SW[7]      ; HEX0[2]     ; 9.128  ; 9.128  ; 9.128  ; 9.128  ;
; SW[7]      ; HEX0[3]     ; 8.898  ; 8.898  ; 8.898  ; 8.898  ;
; SW[7]      ; HEX0[4]     ; 8.906  ; 8.906  ; 8.906  ; 8.906  ;
; SW[7]      ; HEX0[5]     ; 8.879  ; 8.879  ; 8.879  ; 8.879  ;
; SW[7]      ; HEX0[6]     ; 8.886  ; 8.886  ; 8.886  ; 8.886  ;
; SW[7]      ; HEX1[0]     ; 9.313  ; 9.566  ; 9.566  ; 9.313  ;
; SW[7]      ; HEX1[3]     ; 9.179  ; 9.432  ; 9.432  ; 9.179  ;
; SW[7]      ; HEX1[4]     ; 9.199  ; 9.452  ; 9.452  ; 9.199  ;
; SW[7]      ; HEX1[5]     ; 8.877  ; 9.130  ; 9.130  ; 8.877  ;
; SW[7]      ; HEX6[0]     ; 9.091  ; 9.091  ; 9.091  ; 9.091  ;
; SW[7]      ; HEX6[1]     ; 10.115 ; 10.115 ; 10.115 ; 10.115 ;
; SW[7]      ; HEX6[2]     ; 9.419  ; 9.419  ; 9.419  ; 9.419  ;
; SW[7]      ; HEX6[3]     ; 9.081  ; 9.081  ; 9.081  ; 9.081  ;
; SW[7]      ; HEX6[4]     ; 9.511  ; 9.511  ; 9.511  ; 9.511  ;
; SW[7]      ; HEX6[5]     ; 10.397 ; 10.397 ; 10.397 ; 10.397 ;
; SW[7]      ; HEX6[6]     ; 9.220  ; 9.220  ; 9.220  ; 9.220  ;
; SW[7]      ; LEDR[7]     ; 6.279  ;        ;        ; 6.279  ;
; SW[8]      ; HEX0[0]     ; 9.885  ; 9.885  ; 9.885  ; 9.885  ;
; SW[8]      ; HEX0[1]     ; 9.849  ; 9.849  ; 9.849  ; 9.849  ;
; SW[8]      ; HEX0[2]     ; 9.861  ; 9.861  ; 9.861  ; 9.861  ;
; SW[8]      ; HEX0[3]     ; 9.633  ; 9.633  ; 9.633  ; 9.633  ;
; SW[8]      ; HEX0[4]     ; 9.638  ; 9.638  ; 9.638  ; 9.638  ;
; SW[8]      ; HEX0[5]     ; 9.626  ; 9.626  ; 9.626  ; 9.626  ;
; SW[8]      ; HEX0[6]     ; 9.619  ; 9.619  ; 9.619  ; 9.619  ;
; SW[8]      ; HEX1[0]     ; 12.004 ; 12.257 ; 12.257 ; 12.004 ;
; SW[8]      ; HEX1[3]     ; 11.870 ; 12.123 ; 12.123 ; 11.870 ;
; SW[8]      ; HEX1[4]     ; 11.890 ; 12.143 ; 12.143 ; 11.890 ;
; SW[8]      ; HEX1[5]     ; 11.568 ; 11.821 ; 11.821 ; 11.568 ;
; SW[8]      ; LEDR[8]     ; 5.894  ;        ;        ; 5.894  ;
+------------+-------------+--------+--------+--------+--------+


----------------------------
; Fast Model Setup Summary ;
----------------------------
No paths to report.


---------------------------
; Fast Model Hold Summary ;
---------------------------
No paths to report.


-------------------------------
; Fast Model Recovery Summary ;
-------------------------------
No paths to report.


------------------------------
; Fast Model Removal Summary ;
------------------------------
No paths to report.


------------------------------------------
; Fast Model Minimum Pulse Width Summary ;
------------------------------------------
No paths to report.


+----------------------------------------------------------+
; Propagation Delay                                        ;
+------------+-------------+-------+-------+-------+-------+
; Input Port ; Output Port ; RR    ; RF    ; FR    ; FF    ;
+------------+-------------+-------+-------+-------+-------+
; SW[0]      ; HEX0[0]     ; 7.170 ; 7.170 ; 7.170 ; 7.170 ;
; SW[0]      ; HEX0[1]     ; 7.144 ; 7.144 ; 7.144 ; 7.144 ;
; SW[0]      ; HEX0[2]     ; 7.153 ; 7.153 ; 7.153 ; 7.153 ;
; SW[0]      ; HEX0[3]     ; 7.055 ; 7.055 ; 7.055 ; 7.055 ;
; SW[0]      ; HEX0[4]     ; 7.056 ; 7.056 ; 7.056 ; 7.056 ;
; SW[0]      ; HEX0[5]     ; 7.037 ; 7.037 ; 7.037 ; 7.037 ;
; SW[0]      ; HEX0[6]     ; 7.045 ; 7.045 ; 7.045 ; 7.045 ;
; SW[0]      ; HEX1[0]     ; 5.643 ; 5.643 ; 5.643 ; 5.643 ;
; SW[0]      ; HEX1[3]     ; 5.524 ; 5.524 ; 5.524 ; 5.524 ;
; SW[0]      ; HEX1[4]     ; 5.544 ; 5.544 ; 5.544 ; 5.544 ;
; SW[0]      ; HEX1[5]     ; 5.399 ; 5.399 ; 5.399 ; 5.399 ;
; SW[0]      ; HEX4[0]     ; 5.253 ; 5.253 ; 5.253 ; 5.253 ;
; SW[0]      ; HEX4[1]     ; 4.633 ; 4.633 ; 4.633 ; 4.633 ;
; SW[0]      ; HEX4[2]     ;       ; 4.856 ; 4.856 ;       ;
; SW[0]      ; HEX4[3]     ; 5.047 ; 5.047 ; 5.047 ; 5.047 ;
; SW[0]      ; HEX4[4]     ; 4.478 ;       ;       ; 4.478 ;
; SW[0]      ; HEX4[5]     ; 4.581 ;       ;       ; 4.581 ;
; SW[0]      ; HEX4[6]     ; 5.211 ;       ;       ; 5.211 ;
; SW[0]      ; LEDR[0]     ; 3.434 ;       ;       ; 3.434 ;
; SW[1]      ; HEX0[0]     ; 7.280 ; 7.280 ; 7.280 ; 7.280 ;
; SW[1]      ; HEX0[1]     ; 7.254 ; 7.254 ; 7.254 ; 7.254 ;
; SW[1]      ; HEX0[2]     ; 7.263 ; 7.263 ; 7.263 ; 7.263 ;
; SW[1]      ; HEX0[3]     ; 7.165 ; 7.165 ; 7.165 ; 7.165 ;
; SW[1]      ; HEX0[4]     ; 7.166 ; 7.166 ; 7.166 ; 7.166 ;
; SW[1]      ; HEX0[5]     ; 7.147 ; 7.147 ; 7.147 ; 7.147 ;
; SW[1]      ; HEX0[6]     ; 7.155 ; 7.155 ; 7.155 ; 7.155 ;
; SW[1]      ; HEX1[0]     ; 5.753 ; 5.753 ; 5.753 ; 5.753 ;
; SW[1]      ; HEX1[3]     ; 5.634 ; 5.634 ; 5.634 ; 5.634 ;
; SW[1]      ; HEX1[4]     ; 5.654 ; 5.654 ; 5.654 ; 5.654 ;
; SW[1]      ; HEX1[5]     ; 5.509 ; 5.509 ; 5.509 ; 5.509 ;
; SW[1]      ; HEX4[0]     ; 4.993 ; 4.993 ; 4.993 ; 4.993 ;
; SW[1]      ; HEX4[1]     ; 4.371 ; 4.371 ; 4.371 ; 4.371 ;
; SW[1]      ; HEX4[2]     ; 4.580 ; 4.580 ; 4.580 ; 4.580 ;
; SW[1]      ; HEX4[3]     ; 4.767 ; 4.767 ; 4.767 ; 4.767 ;
; SW[1]      ; HEX4[4]     ; 4.213 ; 4.213 ; 4.213 ; 4.213 ;
; SW[1]      ; HEX4[5]     ; 4.310 ; 4.310 ; 4.310 ; 4.310 ;
; SW[1]      ; HEX4[6]     ; 4.935 ; 4.935 ; 4.935 ; 4.935 ;
; SW[1]      ; LEDR[1]     ; 3.023 ;       ;       ; 3.023 ;
; SW[2]      ; HEX0[0]     ; 7.086 ; 7.086 ; 7.086 ; 7.086 ;
; SW[2]      ; HEX0[1]     ; 7.060 ; 7.060 ; 7.060 ; 7.060 ;
; SW[2]      ; HEX0[2]     ; 7.069 ; 7.069 ; 7.069 ; 7.069 ;
; SW[2]      ; HEX0[3]     ; 6.971 ; 6.971 ; 6.971 ; 6.971 ;
; SW[2]      ; HEX0[4]     ; 6.972 ; 6.972 ; 6.972 ; 6.972 ;
; SW[2]      ; HEX0[5]     ; 6.953 ; 6.953 ; 6.953 ; 6.953 ;
; SW[2]      ; HEX0[6]     ; 6.961 ; 6.961 ; 6.961 ; 6.961 ;
; SW[2]      ; HEX1[0]     ; 5.559 ; 5.559 ; 5.559 ; 5.559 ;
; SW[2]      ; HEX1[3]     ; 5.440 ; 5.440 ; 5.440 ; 5.440 ;
; SW[2]      ; HEX1[4]     ; 5.460 ; 5.460 ; 5.460 ; 5.460 ;
; SW[2]      ; HEX1[5]     ; 5.315 ; 5.315 ; 5.315 ; 5.315 ;
; SW[2]      ; HEX4[0]     ; 4.972 ; 4.972 ; 4.972 ; 4.972 ;
; SW[2]      ; HEX4[1]     ; 4.351 ;       ;       ; 4.351 ;
; SW[2]      ; HEX4[2]     ; 4.566 ; 4.566 ; 4.566 ; 4.566 ;
; SW[2]      ; HEX4[3]     ; 4.761 ; 4.761 ; 4.761 ; 4.761 ;
; SW[2]      ; HEX4[4]     ; 4.194 ;       ;       ; 4.194 ;
; SW[2]      ; HEX4[5]     ; 4.294 ; 4.294 ; 4.294 ; 4.294 ;
; SW[2]      ; HEX4[6]     ; 4.920 ; 4.920 ; 4.920 ; 4.920 ;
; SW[2]      ; LEDR[2]     ; 3.204 ;       ;       ; 3.204 ;
; SW[3]      ; HEX0[0]     ; 6.350 ; 6.350 ; 6.350 ; 6.350 ;
; SW[3]      ; HEX0[1]     ; 6.324 ; 6.324 ; 6.324 ; 6.324 ;
; SW[3]      ; HEX0[2]     ; 6.333 ; 6.333 ; 6.333 ; 6.333 ;
; SW[3]      ; HEX0[3]     ; 6.235 ; 6.235 ; 6.235 ; 6.235 ;
; SW[3]      ; HEX0[4]     ; 6.236 ; 6.236 ; 6.236 ; 6.236 ;
; SW[3]      ; HEX0[5]     ; 6.217 ; 6.217 ; 6.217 ; 6.217 ;
; SW[3]      ; HEX0[6]     ; 6.225 ; 6.225 ; 6.225 ; 6.225 ;
; SW[3]      ; HEX1[0]     ; 4.823 ; 4.823 ; 4.823 ; 4.823 ;
; SW[3]      ; HEX1[3]     ; 4.704 ; 4.704 ; 4.704 ; 4.704 ;
; SW[3]      ; HEX1[4]     ; 4.724 ; 4.724 ; 4.724 ; 4.724 ;
; SW[3]      ; HEX1[5]     ; 4.579 ; 4.579 ; 4.579 ; 4.579 ;
; SW[3]      ; HEX4[0]     ; 4.761 ; 4.761 ; 4.761 ; 4.761 ;
; SW[3]      ; HEX4[1]     ; 4.140 ; 4.140 ; 4.140 ; 4.140 ;
; SW[3]      ; HEX4[2]     ; 4.360 ; 4.360 ; 4.360 ; 4.360 ;
; SW[3]      ; HEX4[3]     ; 4.548 ; 4.548 ; 4.548 ; 4.548 ;
; SW[3]      ; HEX4[4]     ; 3.983 ; 3.983 ; 3.983 ; 3.983 ;
; SW[3]      ; HEX4[5]     ; 4.078 ; 4.078 ; 4.078 ; 4.078 ;
; SW[3]      ; HEX4[6]     ; 4.706 ; 4.706 ; 4.706 ; 4.706 ;
; SW[3]      ; LEDR[3]     ; 2.915 ;       ;       ; 2.915 ;
; SW[4]      ; HEX0[0]     ; 6.743 ; 6.743 ; 6.743 ; 6.743 ;
; SW[4]      ; HEX0[1]     ; 6.717 ; 6.717 ; 6.717 ; 6.717 ;
; SW[4]      ; HEX0[2]     ; 6.726 ; 6.726 ; 6.726 ; 6.726 ;
; SW[4]      ; HEX0[3]     ; 6.628 ; 6.628 ; 6.628 ; 6.628 ;
; SW[4]      ; HEX0[4]     ; 6.629 ; 6.629 ; 6.629 ; 6.629 ;
; SW[4]      ; HEX0[5]     ; 6.610 ; 6.610 ; 6.610 ; 6.610 ;
; SW[4]      ; HEX0[6]     ; 6.618 ; 6.618 ; 6.618 ; 6.618 ;
; SW[4]      ; HEX1[0]     ; 5.216 ; 5.216 ; 5.216 ; 5.216 ;
; SW[4]      ; HEX1[3]     ; 5.097 ; 5.097 ; 5.097 ; 5.097 ;
; SW[4]      ; HEX1[4]     ; 5.117 ; 5.117 ; 5.117 ; 5.117 ;
; SW[4]      ; HEX1[5]     ; 4.972 ; 4.972 ; 4.972 ; 4.972 ;
; SW[4]      ; HEX6[0]     ; 4.220 ; 4.220 ; 4.220 ; 4.220 ;
; SW[4]      ; HEX6[1]     ; 4.784 ; 4.784 ; 4.784 ; 4.784 ;
; SW[4]      ; HEX6[2]     ;       ; 4.334 ; 4.334 ;       ;
; SW[4]      ; HEX6[3]     ; 4.230 ; 4.230 ; 4.230 ; 4.230 ;
; SW[4]      ; HEX6[4]     ; 4.418 ;       ;       ; 4.418 ;
; SW[4]      ; HEX6[5]     ; 4.923 ;       ;       ; 4.923 ;
; SW[4]      ; HEX6[6]     ; 4.301 ;       ;       ; 4.301 ;
; SW[4]      ; LEDR[4]     ; 2.842 ;       ;       ; 2.842 ;
; SW[5]      ; HEX0[0]     ; 6.590 ; 6.590 ; 6.590 ; 6.590 ;
; SW[5]      ; HEX0[1]     ; 6.564 ; 6.564 ; 6.564 ; 6.564 ;
; SW[5]      ; HEX0[2]     ; 6.573 ; 6.573 ; 6.573 ; 6.573 ;
; SW[5]      ; HEX0[3]     ; 6.475 ; 6.475 ; 6.475 ; 6.475 ;
; SW[5]      ; HEX0[4]     ; 6.476 ; 6.476 ; 6.476 ; 6.476 ;
; SW[5]      ; HEX0[5]     ; 6.457 ; 6.457 ; 6.457 ; 6.457 ;
; SW[5]      ; HEX0[6]     ; 6.465 ; 6.465 ; 6.465 ; 6.465 ;
; SW[5]      ; HEX1[0]     ; 5.063 ; 5.063 ; 5.063 ; 5.063 ;
; SW[5]      ; HEX1[3]     ; 4.944 ; 4.944 ; 4.944 ; 4.944 ;
; SW[5]      ; HEX1[4]     ; 4.964 ; 4.964 ; 4.964 ; 4.964 ;
; SW[5]      ; HEX1[5]     ; 4.819 ; 4.819 ; 4.819 ; 4.819 ;
; SW[5]      ; HEX6[0]     ; 4.074 ; 4.074 ; 4.074 ; 4.074 ;
; SW[5]      ; HEX6[1]     ; 4.638 ; 4.638 ; 4.638 ; 4.638 ;
; SW[5]      ; HEX6[2]     ; 4.188 ; 4.188 ; 4.188 ; 4.188 ;
; SW[5]      ; HEX6[3]     ; 4.084 ; 4.084 ; 4.084 ; 4.084 ;
; SW[5]      ; HEX6[4]     ; 4.272 ; 4.272 ; 4.272 ; 4.272 ;
; SW[5]      ; HEX6[5]     ; 4.776 ; 4.776 ; 4.776 ; 4.776 ;
; SW[5]      ; HEX6[6]     ; 4.154 ; 4.154 ; 4.154 ; 4.154 ;
; SW[5]      ; LEDR[5]     ; 3.060 ;       ;       ; 3.060 ;
; SW[6]      ; HEX0[0]     ; 6.724 ; 6.724 ; 6.724 ; 6.724 ;
; SW[6]      ; HEX0[1]     ; 6.698 ; 6.698 ; 6.698 ; 6.698 ;
; SW[6]      ; HEX0[2]     ; 6.707 ; 6.707 ; 6.707 ; 6.707 ;
; SW[6]      ; HEX0[3]     ; 6.609 ; 6.609 ; 6.609 ; 6.609 ;
; SW[6]      ; HEX0[4]     ; 6.610 ; 6.610 ; 6.610 ; 6.610 ;
; SW[6]      ; HEX0[5]     ; 6.591 ; 6.591 ; 6.591 ; 6.591 ;
; SW[6]      ; HEX0[6]     ; 6.599 ; 6.599 ; 6.599 ; 6.599 ;
; SW[6]      ; HEX1[0]     ; 5.197 ; 5.197 ; 5.197 ; 5.197 ;
; SW[6]      ; HEX1[3]     ; 5.078 ; 5.078 ; 5.078 ; 5.078 ;
; SW[6]      ; HEX1[4]     ; 5.098 ; 5.098 ; 5.098 ; 5.098 ;
; SW[6]      ; HEX1[5]     ; 4.953 ; 4.953 ; 4.953 ; 4.953 ;
; SW[6]      ; HEX6[0]     ; 4.205 ; 4.205 ; 4.205 ; 4.205 ;
; SW[6]      ; HEX6[1]     ; 4.794 ;       ;       ; 4.794 ;
; SW[6]      ; HEX6[2]     ; 4.319 ; 4.319 ; 4.319 ; 4.319 ;
; SW[6]      ; HEX6[3]     ; 4.213 ; 4.213 ; 4.213 ; 4.213 ;
; SW[6]      ; HEX6[4]     ; 4.402 ;       ;       ; 4.402 ;
; SW[6]      ; HEX6[5]     ; 4.906 ; 4.906 ; 4.906 ; 4.906 ;
; SW[6]      ; HEX6[6]     ; 4.281 ; 4.281 ; 4.281 ; 4.281 ;
; SW[6]      ; LEDR[6]     ; 2.871 ;       ;       ; 2.871 ;
; SW[7]      ; HEX0[0]     ; 7.237 ; 7.237 ; 7.237 ; 7.237 ;
; SW[7]      ; HEX0[1]     ; 7.211 ; 7.211 ; 7.211 ; 7.211 ;
; SW[7]      ; HEX0[2]     ; 7.220 ; 7.220 ; 7.220 ; 7.220 ;
; SW[7]      ; HEX0[3]     ; 7.122 ; 7.122 ; 7.122 ; 7.122 ;
; SW[7]      ; HEX0[4]     ; 7.123 ; 7.123 ; 7.123 ; 7.123 ;
; SW[7]      ; HEX0[5]     ; 7.104 ; 7.104 ; 7.104 ; 7.104 ;
; SW[7]      ; HEX0[6]     ; 7.112 ; 7.112 ; 7.112 ; 7.112 ;
; SW[7]      ; HEX1[0]     ; 5.710 ; 5.710 ; 5.710 ; 5.710 ;
; SW[7]      ; HEX1[3]     ; 5.591 ; 5.591 ; 5.591 ; 5.591 ;
; SW[7]      ; HEX1[4]     ; 5.611 ; 5.611 ; 5.611 ; 5.611 ;
; SW[7]      ; HEX1[5]     ; 5.466 ; 5.466 ; 5.466 ; 5.466 ;
; SW[7]      ; HEX6[0]     ; 4.716 ; 4.716 ; 4.716 ; 4.716 ;
; SW[7]      ; HEX6[1]     ; 5.279 ; 5.279 ; 5.279 ; 5.279 ;
; SW[7]      ; HEX6[2]     ; 4.829 ; 4.829 ; 4.829 ; 4.829 ;
; SW[7]      ; HEX6[3]     ; 4.728 ; 4.728 ; 4.728 ; 4.728 ;
; SW[7]      ; HEX6[4]     ; 4.916 ; 4.916 ; 4.916 ; 4.916 ;
; SW[7]      ; HEX6[5]     ; 5.418 ; 5.418 ; 5.418 ; 5.418 ;
; SW[7]      ; HEX6[6]     ; 4.804 ; 4.804 ; 4.804 ; 4.804 ;
; SW[7]      ; LEDR[7]     ; 3.431 ;       ;       ; 3.431 ;
; SW[8]      ; HEX0[0]     ; 7.631 ; 7.631 ; 7.631 ; 7.631 ;
; SW[8]      ; HEX0[1]     ; 7.605 ; 7.605 ; 7.605 ; 7.605 ;
; SW[8]      ; HEX0[2]     ; 7.614 ; 7.614 ; 7.614 ; 7.614 ;
; SW[8]      ; HEX0[3]     ; 7.516 ; 7.516 ; 7.516 ; 7.516 ;
; SW[8]      ; HEX0[4]     ; 7.517 ; 7.517 ; 7.517 ; 7.517 ;
; SW[8]      ; HEX0[5]     ; 7.498 ; 7.498 ; 7.498 ; 7.498 ;
; SW[8]      ; HEX0[6]     ; 7.506 ; 7.506 ; 7.506 ; 7.506 ;
; SW[8]      ; HEX1[0]     ; 6.104 ; 6.104 ; 6.104 ; 6.104 ;
; SW[8]      ; HEX1[3]     ; 5.985 ; 5.985 ; 5.985 ; 5.985 ;
; SW[8]      ; HEX1[4]     ; 6.005 ; 6.005 ; 6.005 ; 6.005 ;
; SW[8]      ; HEX1[5]     ; 5.860 ; 5.860 ; 5.860 ; 5.860 ;
; SW[8]      ; LEDR[8]     ; 3.227 ;       ;       ; 3.227 ;
+------------+-------------+-------+-------+-------+-------+


+----------------------------------------------------------+
; Minimum Propagation Delay                                ;
+------------+-------------+-------+-------+-------+-------+
; Input Port ; Output Port ; RR    ; RF    ; FR    ; FF    ;
+------------+-------------+-------+-------+-------+-------+
; SW[0]      ; HEX0[0]     ; 4.397 ; 4.397 ; 4.397 ; 4.397 ;
; SW[0]      ; HEX0[1]     ; 4.367 ; 4.367 ; 4.367 ; 4.367 ;
; SW[0]      ; HEX0[2]     ; 4.377 ; 4.377 ; 4.377 ; 4.377 ;
; SW[0]      ; HEX0[3]     ; 4.278 ; 4.278 ; 4.278 ; 4.278 ;
; SW[0]      ; HEX0[4]     ; 4.281 ; 4.281 ; 4.281 ; 4.281 ;
; SW[0]      ; HEX0[5]     ; 4.264 ; 4.264 ; 4.264 ; 4.264 ;
; SW[0]      ; HEX0[6]     ; 4.268 ; 4.268 ; 4.268 ; 4.268 ;
; SW[0]      ; HEX1[0]     ; 5.538 ; 5.643 ; 5.643 ; 5.538 ;
; SW[0]      ; HEX1[3]     ; 5.419 ; 5.524 ; 5.524 ; 5.419 ;
; SW[0]      ; HEX1[4]     ; 5.439 ; 5.544 ; 5.544 ; 5.439 ;
; SW[0]      ; HEX1[5]     ; 5.294 ; 5.399 ; 5.399 ; 5.294 ;
; SW[0]      ; HEX4[0]     ; 5.253 ; 5.253 ; 5.253 ; 5.253 ;
; SW[0]      ; HEX4[1]     ; 4.633 ; 4.633 ; 4.633 ; 4.633 ;
; SW[0]      ; HEX4[2]     ;       ; 4.856 ; 4.856 ;       ;
; SW[0]      ; HEX4[3]     ; 5.047 ; 5.047 ; 5.047 ; 5.047 ;
; SW[0]      ; HEX4[4]     ; 4.478 ;       ;       ; 4.478 ;
; SW[0]      ; HEX4[5]     ; 4.581 ;       ;       ; 4.581 ;
; SW[0]      ; HEX4[6]     ; 5.211 ;       ;       ; 5.211 ;
; SW[0]      ; LEDR[0]     ; 3.434 ;       ;       ; 3.434 ;
; SW[1]      ; HEX0[0]     ; 4.678 ; 4.678 ; 4.678 ; 4.678 ;
; SW[1]      ; HEX0[1]     ; 4.648 ; 4.648 ; 4.648 ; 4.648 ;
; SW[1]      ; HEX0[2]     ; 4.658 ; 4.658 ; 4.658 ; 4.658 ;
; SW[1]      ; HEX0[3]     ; 4.559 ; 4.559 ; 4.559 ; 4.559 ;
; SW[1]      ; HEX0[4]     ; 4.562 ; 4.562 ; 4.562 ; 4.562 ;
; SW[1]      ; HEX0[5]     ; 4.545 ; 4.545 ; 4.545 ; 4.545 ;
; SW[1]      ; HEX0[6]     ; 4.549 ; 4.549 ; 4.549 ; 4.549 ;
; SW[1]      ; HEX1[0]     ; 5.260 ; 5.173 ; 5.173 ; 5.260 ;
; SW[1]      ; HEX1[3]     ; 5.141 ; 5.054 ; 5.054 ; 5.141 ;
; SW[1]      ; HEX1[4]     ; 5.161 ; 5.074 ; 5.074 ; 5.161 ;
; SW[1]      ; HEX1[5]     ; 5.016 ; 4.929 ; 4.929 ; 5.016 ;
; SW[1]      ; HEX4[0]     ; 4.993 ; 4.993 ; 4.993 ; 4.993 ;
; SW[1]      ; HEX4[1]     ; 4.371 ; 4.371 ; 4.371 ; 4.371 ;
; SW[1]      ; HEX4[2]     ; 4.580 ; 4.580 ; 4.580 ; 4.580 ;
; SW[1]      ; HEX4[3]     ; 4.767 ; 4.767 ; 4.767 ; 4.767 ;
; SW[1]      ; HEX4[4]     ; 4.213 ; 4.213 ; 4.213 ; 4.213 ;
; SW[1]      ; HEX4[5]     ; 4.310 ; 4.310 ; 4.310 ; 4.310 ;
; SW[1]      ; HEX4[6]     ; 4.935 ; 4.935 ; 4.935 ; 4.935 ;
; SW[1]      ; LEDR[1]     ; 3.023 ;       ;       ; 3.023 ;
; SW[2]      ; HEX0[0]     ; 4.878 ; 4.878 ; 4.878 ; 4.878 ;
; SW[2]      ; HEX0[1]     ; 4.848 ; 4.848 ; 4.848 ; 4.848 ;
; SW[2]      ; HEX0[2]     ; 4.858 ; 4.858 ; 4.858 ; 4.858 ;
; SW[2]      ; HEX0[3]     ; 4.759 ; 4.759 ; 4.759 ; 4.759 ;
; SW[2]      ; HEX0[4]     ; 4.762 ; 4.762 ; 4.762 ; 4.762 ;
; SW[2]      ; HEX0[5]     ; 4.745 ; 4.745 ; 4.745 ; 4.745 ;
; SW[2]      ; HEX0[6]     ; 4.749 ; 4.749 ; 4.749 ; 4.749 ;
; SW[2]      ; HEX1[0]     ; 5.058 ; 4.962 ; 4.962 ; 5.058 ;
; SW[2]      ; HEX1[3]     ; 4.939 ; 4.843 ; 4.843 ; 4.939 ;
; SW[2]      ; HEX1[4]     ; 4.959 ; 4.863 ; 4.863 ; 4.959 ;
; SW[2]      ; HEX1[5]     ; 4.814 ; 4.718 ; 4.718 ; 4.814 ;
; SW[2]      ; HEX4[0]     ; 4.972 ; 4.972 ; 4.972 ; 4.972 ;
; SW[2]      ; HEX4[1]     ; 4.351 ;       ;       ; 4.351 ;
; SW[2]      ; HEX4[2]     ; 4.566 ; 4.566 ; 4.566 ; 4.566 ;
; SW[2]      ; HEX4[3]     ; 4.761 ; 4.761 ; 4.761 ; 4.761 ;
; SW[2]      ; HEX4[4]     ; 4.194 ;       ;       ; 4.194 ;
; SW[2]      ; HEX4[5]     ; 4.294 ; 4.294 ; 4.294 ; 4.294 ;
; SW[2]      ; HEX4[6]     ; 4.920 ; 4.920 ; 4.920 ; 4.920 ;
; SW[2]      ; LEDR[2]     ; 3.204 ;       ;       ; 3.204 ;
; SW[3]      ; HEX0[0]     ; 3.911 ; 3.911 ; 3.911 ; 3.911 ;
; SW[3]      ; HEX0[1]     ; 3.982 ; 3.881 ; 3.881 ; 3.982 ;
; SW[3]      ; HEX0[2]     ; 3.992 ; 3.891 ; 3.891 ; 3.992 ;
; SW[3]      ; HEX0[3]     ; 3.893 ; 3.792 ; 3.792 ; 3.893 ;
; SW[3]      ; HEX0[4]     ; 3.896 ; 3.795 ; 3.795 ; 3.896 ;
; SW[3]      ; HEX0[5]     ; 3.778 ; 3.778 ; 3.778 ; 3.778 ;
; SW[3]      ; HEX0[6]     ; 3.782 ; 3.782 ; 3.782 ; 3.782 ;
; SW[3]      ; HEX1[0]     ; 4.261 ; 4.332 ; 4.332 ; 4.261 ;
; SW[3]      ; HEX1[3]     ; 4.142 ; 4.213 ; 4.213 ; 4.142 ;
; SW[3]      ; HEX1[4]     ; 4.162 ; 4.233 ; 4.233 ; 4.162 ;
; SW[3]      ; HEX1[5]     ; 4.017 ; 4.088 ; 4.088 ; 4.017 ;
; SW[3]      ; HEX4[0]     ; 4.761 ; 4.761 ; 4.761 ; 4.761 ;
; SW[3]      ; HEX4[1]     ; 4.140 ; 4.140 ; 4.140 ; 4.140 ;
; SW[3]      ; HEX4[2]     ; 4.360 ; 4.360 ; 4.360 ; 4.360 ;
; SW[3]      ; HEX4[3]     ; 4.548 ; 4.548 ; 4.548 ; 4.548 ;
; SW[3]      ; HEX4[4]     ; 3.983 ; 3.983 ; 3.983 ; 3.983 ;
; SW[3]      ; HEX4[5]     ; 4.078 ; 4.078 ; 4.078 ; 4.078 ;
; SW[3]      ; HEX4[6]     ; 4.706 ; 4.706 ; 4.706 ; 4.706 ;
; SW[3]      ; LEDR[3]     ; 2.915 ;       ;       ; 2.915 ;
; SW[4]      ; HEX0[0]     ; 3.684 ; 3.684 ; 3.684 ; 3.684 ;
; SW[4]      ; HEX0[1]     ; 3.648 ; 3.648 ; 3.648 ; 3.648 ;
; SW[4]      ; HEX0[2]     ; 3.658 ; 3.658 ; 3.658 ; 3.658 ;
; SW[4]      ; HEX0[3]     ; 3.562 ; 3.562 ; 3.562 ; 3.562 ;
; SW[4]      ; HEX0[4]     ; 3.562 ; 3.562 ; 3.562 ; 3.562 ;
; SW[4]      ; HEX0[5]     ; 3.555 ; 3.555 ; 3.555 ; 3.555 ;
; SW[4]      ; HEX0[6]     ; 3.551 ; 3.551 ; 3.551 ; 3.551 ;
; SW[4]      ; HEX1[0]     ; 4.686 ; 4.589 ; 4.589 ; 4.686 ;
; SW[4]      ; HEX1[3]     ; 4.567 ; 4.470 ; 4.470 ; 4.567 ;
; SW[4]      ; HEX1[4]     ; 4.587 ; 4.490 ; 4.490 ; 4.587 ;
; SW[4]      ; HEX1[5]     ; 4.442 ; 4.345 ; 4.345 ; 4.442 ;
; SW[4]      ; HEX6[0]     ; 4.220 ; 4.220 ; 4.220 ; 4.220 ;
; SW[4]      ; HEX6[1]     ; 4.784 ; 4.784 ; 4.784 ; 4.784 ;
; SW[4]      ; HEX6[2]     ;       ; 4.334 ; 4.334 ;       ;
; SW[4]      ; HEX6[3]     ; 4.230 ; 4.230 ; 4.230 ; 4.230 ;
; SW[4]      ; HEX6[4]     ; 4.418 ;       ;       ; 4.418 ;
; SW[4]      ; HEX6[5]     ; 4.923 ;       ;       ; 4.923 ;
; SW[4]      ; HEX6[6]     ; 4.301 ;       ;       ; 4.301 ;
; SW[4]      ; LEDR[4]     ; 2.842 ;       ;       ; 2.842 ;
; SW[5]      ; HEX0[0]     ; 3.559 ; 3.559 ; 3.559 ; 3.559 ;
; SW[5]      ; HEX0[1]     ; 3.529 ; 3.529 ; 3.529 ; 3.529 ;
; SW[5]      ; HEX0[2]     ; 3.539 ; 3.539 ; 3.539 ; 3.539 ;
; SW[5]      ; HEX0[3]     ; 3.440 ; 3.440 ; 3.440 ; 3.440 ;
; SW[5]      ; HEX0[4]     ; 3.443 ; 3.443 ; 3.443 ; 3.443 ;
; SW[5]      ; HEX0[5]     ; 3.426 ; 3.426 ; 3.426 ; 3.426 ;
; SW[5]      ; HEX0[6]     ; 3.430 ; 3.430 ; 3.430 ; 3.430 ;
; SW[5]      ; HEX1[0]     ; 4.413 ; 4.306 ; 4.306 ; 4.413 ;
; SW[5]      ; HEX1[3]     ; 4.294 ; 4.187 ; 4.187 ; 4.294 ;
; SW[5]      ; HEX1[4]     ; 4.314 ; 4.207 ; 4.207 ; 4.314 ;
; SW[5]      ; HEX1[5]     ; 4.169 ; 4.062 ; 4.062 ; 4.169 ;
; SW[5]      ; HEX6[0]     ; 4.074 ; 4.074 ; 4.074 ; 4.074 ;
; SW[5]      ; HEX6[1]     ; 4.638 ; 4.638 ; 4.638 ; 4.638 ;
; SW[5]      ; HEX6[2]     ; 4.188 ; 4.188 ; 4.188 ; 4.188 ;
; SW[5]      ; HEX6[3]     ; 4.084 ; 4.084 ; 4.084 ; 4.084 ;
; SW[5]      ; HEX6[4]     ; 4.272 ; 4.272 ; 4.272 ; 4.272 ;
; SW[5]      ; HEX6[5]     ; 4.776 ; 4.776 ; 4.776 ; 4.776 ;
; SW[5]      ; HEX6[6]     ; 4.154 ; 4.154 ; 4.154 ; 4.154 ;
; SW[5]      ; LEDR[5]     ; 3.060 ;       ;       ; 3.060 ;
; SW[6]      ; HEX0[0]     ; 4.294 ; 4.294 ; 4.294 ; 4.294 ;
; SW[6]      ; HEX0[1]     ; 4.268 ; 4.268 ; 4.268 ; 4.268 ;
; SW[6]      ; HEX0[2]     ; 4.277 ; 4.277 ; 4.277 ; 4.277 ;
; SW[6]      ; HEX0[3]     ; 4.179 ; 4.179 ; 4.179 ; 4.179 ;
; SW[6]      ; HEX0[4]     ; 4.180 ; 4.180 ; 4.180 ; 4.180 ;
; SW[6]      ; HEX0[5]     ; 4.161 ; 4.161 ; 4.161 ; 4.161 ;
; SW[6]      ; HEX0[6]     ; 4.169 ; 4.169 ; 4.169 ; 4.169 ;
; SW[6]      ; HEX1[0]     ; 4.484 ; 4.377 ; 4.377 ; 4.484 ;
; SW[6]      ; HEX1[3]     ; 4.365 ; 4.258 ; 4.258 ; 4.365 ;
; SW[6]      ; HEX1[4]     ; 4.385 ; 4.278 ; 4.278 ; 4.385 ;
; SW[6]      ; HEX1[5]     ; 4.240 ; 4.133 ; 4.133 ; 4.240 ;
; SW[6]      ; HEX6[0]     ; 4.205 ; 4.205 ; 4.205 ; 4.205 ;
; SW[6]      ; HEX6[1]     ; 4.794 ;       ;       ; 4.794 ;
; SW[6]      ; HEX6[2]     ; 4.319 ; 4.319 ; 4.319 ; 4.319 ;
; SW[6]      ; HEX6[3]     ; 4.213 ; 4.213 ; 4.213 ; 4.213 ;
; SW[6]      ; HEX6[4]     ; 4.402 ;       ;       ; 4.402 ;
; SW[6]      ; HEX6[5]     ; 4.906 ; 4.906 ; 4.906 ; 4.906 ;
; SW[6]      ; HEX6[6]     ; 4.281 ; 4.281 ; 4.281 ; 4.281 ;
; SW[6]      ; LEDR[6]     ; 2.871 ;       ;       ; 2.871 ;
; SW[7]      ; HEX0[0]     ; 4.703 ; 4.703 ; 4.703 ; 4.703 ;
; SW[7]      ; HEX0[1]     ; 4.677 ; 4.677 ; 4.677 ; 4.677 ;
; SW[7]      ; HEX0[2]     ; 4.686 ; 4.686 ; 4.686 ; 4.686 ;
; SW[7]      ; HEX0[3]     ; 4.588 ; 4.588 ; 4.588 ; 4.588 ;
; SW[7]      ; HEX0[4]     ; 4.589 ; 4.589 ; 4.589 ; 4.589 ;
; SW[7]      ; HEX0[5]     ; 4.570 ; 4.570 ; 4.570 ; 4.570 ;
; SW[7]      ; HEX0[6]     ; 4.578 ; 4.578 ; 4.578 ; 4.578 ;
; SW[7]      ; HEX1[0]     ; 4.815 ; 4.911 ; 4.911 ; 4.815 ;
; SW[7]      ; HEX1[3]     ; 4.696 ; 4.792 ; 4.792 ; 4.696 ;
; SW[7]      ; HEX1[4]     ; 4.716 ; 4.812 ; 4.812 ; 4.716 ;
; SW[7]      ; HEX1[5]     ; 4.571 ; 4.667 ; 4.667 ; 4.571 ;
; SW[7]      ; HEX6[0]     ; 4.716 ; 4.716 ; 4.716 ; 4.716 ;
; SW[7]      ; HEX6[1]     ; 5.279 ; 5.279 ; 5.279 ; 5.279 ;
; SW[7]      ; HEX6[2]     ; 4.829 ; 4.829 ; 4.829 ; 4.829 ;
; SW[7]      ; HEX6[3]     ; 4.728 ; 4.728 ; 4.728 ; 4.728 ;
; SW[7]      ; HEX6[4]     ; 4.916 ; 4.916 ; 4.916 ; 4.916 ;
; SW[7]      ; HEX6[5]     ; 5.418 ; 5.418 ; 5.418 ; 5.418 ;
; SW[7]      ; HEX6[6]     ; 4.804 ; 4.804 ; 4.804 ; 4.804 ;
; SW[7]      ; LEDR[7]     ; 3.431 ;       ;       ; 3.431 ;
; SW[8]      ; HEX0[0]     ; 5.050 ; 5.050 ; 5.050 ; 5.050 ;
; SW[8]      ; HEX0[1]     ; 5.014 ; 5.014 ; 5.014 ; 5.014 ;
; SW[8]      ; HEX0[2]     ; 5.024 ; 5.024 ; 5.024 ; 5.024 ;
; SW[8]      ; HEX0[3]     ; 4.928 ; 4.928 ; 4.928 ; 4.928 ;
; SW[8]      ; HEX0[4]     ; 4.928 ; 4.928 ; 4.928 ; 4.928 ;
; SW[8]      ; HEX0[5]     ; 4.921 ; 4.921 ; 4.921 ; 4.921 ;
; SW[8]      ; HEX0[6]     ; 4.917 ; 4.917 ; 4.917 ; 4.917 ;
; SW[8]      ; HEX1[0]     ; 5.999 ; 6.104 ; 6.104 ; 5.999 ;
; SW[8]      ; HEX1[3]     ; 5.880 ; 5.985 ; 5.985 ; 5.880 ;
; SW[8]      ; HEX1[4]     ; 5.900 ; 6.005 ; 6.005 ; 5.900 ;
; SW[8]      ; HEX1[5]     ; 5.755 ; 5.860 ; 5.860 ; 5.755 ;
; SW[8]      ; LEDR[8]     ; 3.227 ;       ;       ; 3.227 ;
+------------+-------------+-------+-------+-------+-------+


+----------------------------------------------------------------------------+
; Multicorner Timing Analysis Summary                                        ;
+------------------+-------+------+----------+---------+---------------------+
; Clock            ; Setup ; Hold ; Recovery ; Removal ; Minimum Pulse Width ;
+------------------+-------+------+----------+---------+---------------------+
; Worst-case Slack ; N/A   ; N/A  ; N/A      ; N/A     ; N/A                 ;
; Design-wide TNS  ; 0.0   ; 0.0  ; 0.0      ; 0.0     ; 0.0                 ;
+------------------+-------+------+----------+---------+---------------------+


+--------------------------------------------------------------+
; Progagation Delay                                            ;
+------------+-------------+--------+--------+--------+--------+
; Input Port ; Output Port ; RR     ; RF     ; FR     ; FF     ;
+------------+-------------+--------+--------+--------+--------+
; SW[0]      ; HEX0[0]     ; 14.850 ; 14.850 ; 14.850 ; 14.850 ;
; SW[0]      ; HEX0[1]     ; 14.818 ; 14.818 ; 14.818 ; 14.818 ;
; SW[0]      ; HEX0[2]     ; 14.819 ; 14.819 ; 14.819 ; 14.819 ;
; SW[0]      ; HEX0[3]     ; 14.604 ; 14.604 ; 14.604 ; 14.604 ;
; SW[0]      ; HEX0[4]     ; 14.612 ; 14.612 ; 14.612 ; 14.612 ;
; SW[0]      ; HEX0[5]     ; 14.584 ; 14.584 ; 14.584 ; 14.584 ;
; SW[0]      ; HEX0[6]     ; 14.592 ; 14.592 ; 14.592 ; 14.592 ;
; SW[0]      ; HEX1[0]     ; 11.278 ; 11.278 ; 11.278 ; 11.278 ;
; SW[0]      ; HEX1[3]     ; 11.144 ; 11.144 ; 11.144 ; 11.144 ;
; SW[0]      ; HEX1[4]     ; 11.164 ; 11.164 ; 11.164 ; 11.164 ;
; SW[0]      ; HEX1[5]     ; 10.842 ; 10.842 ; 10.842 ; 10.842 ;
; SW[0]      ; HEX4[0]     ; 10.242 ; 10.242 ; 10.242 ; 10.242 ;
; SW[0]      ; HEX4[1]     ; 9.015  ; 9.015  ; 9.015  ; 9.015  ;
; SW[0]      ; HEX4[2]     ;        ; 9.396  ; 9.396  ;        ;
; SW[0]      ; HEX4[3]     ; 9.860  ; 9.860  ; 9.860  ; 9.860  ;
; SW[0]      ; HEX4[4]     ; 8.664  ;        ;        ; 8.664  ;
; SW[0]      ; HEX4[5]     ; 8.879  ;        ;        ; 8.879  ;
; SW[0]      ; HEX4[6]     ; 10.076 ;        ;        ; 10.076 ;
; SW[0]      ; LEDR[0]     ; 6.366  ;        ;        ; 6.366  ;
; SW[1]      ; HEX0[0]     ; 15.232 ; 15.232 ; 15.232 ; 15.232 ;
; SW[1]      ; HEX0[1]     ; 15.200 ; 15.200 ; 15.200 ; 15.200 ;
; SW[1]      ; HEX0[2]     ; 15.201 ; 15.201 ; 15.201 ; 15.201 ;
; SW[1]      ; HEX0[3]     ; 14.986 ; 14.986 ; 14.986 ; 14.986 ;
; SW[1]      ; HEX0[4]     ; 14.994 ; 14.994 ; 14.994 ; 14.994 ;
; SW[1]      ; HEX0[5]     ; 14.966 ; 14.966 ; 14.966 ; 14.966 ;
; SW[1]      ; HEX0[6]     ; 14.974 ; 14.974 ; 14.974 ; 14.974 ;
; SW[1]      ; HEX1[0]     ; 11.660 ; 11.660 ; 11.660 ; 11.660 ;
; SW[1]      ; HEX1[3]     ; 11.526 ; 11.526 ; 11.526 ; 11.526 ;
; SW[1]      ; HEX1[4]     ; 11.546 ; 11.546 ; 11.546 ; 11.546 ;
; SW[1]      ; HEX1[5]     ; 11.224 ; 11.224 ; 11.224 ; 11.224 ;
; SW[1]      ; HEX4[0]     ; 9.698  ; 9.698  ; 9.698  ; 9.698  ;
; SW[1]      ; HEX4[1]     ; 8.495  ; 8.495  ; 8.495  ; 8.495  ;
; SW[1]      ; HEX4[2]     ; 8.886  ; 8.886  ; 8.886  ; 8.886  ;
; SW[1]      ; HEX4[3]     ; 9.291  ; 9.291  ; 9.291  ; 9.291  ;
; SW[1]      ; HEX4[4]     ; 8.114  ; 8.114  ; 8.114  ; 8.114  ;
; SW[1]      ; HEX4[5]     ; 8.324  ; 8.324  ; 8.324  ; 8.324  ;
; SW[1]      ; HEX4[6]     ; 9.517  ; 9.517  ; 9.517  ; 9.517  ;
; SW[1]      ; LEDR[1]     ; 5.673  ;        ;        ; 5.673  ;
; SW[2]      ; HEX0[0]     ; 14.731 ; 14.731 ; 14.731 ; 14.731 ;
; SW[2]      ; HEX0[1]     ; 14.699 ; 14.699 ; 14.699 ; 14.699 ;
; SW[2]      ; HEX0[2]     ; 14.700 ; 14.700 ; 14.700 ; 14.700 ;
; SW[2]      ; HEX0[3]     ; 14.485 ; 14.485 ; 14.485 ; 14.485 ;
; SW[2]      ; HEX0[4]     ; 14.493 ; 14.493 ; 14.493 ; 14.493 ;
; SW[2]      ; HEX0[5]     ; 14.465 ; 14.465 ; 14.465 ; 14.465 ;
; SW[2]      ; HEX0[6]     ; 14.473 ; 14.473 ; 14.473 ; 14.473 ;
; SW[2]      ; HEX1[0]     ; 11.159 ; 11.159 ; 11.159 ; 11.159 ;
; SW[2]      ; HEX1[3]     ; 11.025 ; 11.025 ; 11.025 ; 11.025 ;
; SW[2]      ; HEX1[4]     ; 11.045 ; 11.045 ; 11.045 ; 11.045 ;
; SW[2]      ; HEX1[5]     ; 10.723 ; 10.723 ; 10.723 ; 10.723 ;
; SW[2]      ; HEX4[0]     ; 9.613  ; 9.613  ; 9.613  ; 9.613  ;
; SW[2]      ; HEX4[1]     ; 8.411  ;        ;        ; 8.411  ;
; SW[2]      ; HEX4[2]     ; 8.806  ; 8.806  ; 8.806  ; 8.806  ;
; SW[2]      ; HEX4[3]     ; 9.222  ; 9.222  ; 9.222  ; 9.222  ;
; SW[2]      ; HEX4[4]     ; 8.030  ;        ;        ; 8.030  ;
; SW[2]      ; HEX4[5]     ; 8.243  ; 8.243  ; 8.243  ; 8.243  ;
; SW[2]      ; HEX4[6]     ; 9.439  ; 9.439  ; 9.439  ; 9.439  ;
; SW[2]      ; LEDR[2]     ; 5.935  ;        ;        ; 5.935  ;
; SW[3]      ; HEX0[0]     ; 13.348 ; 13.348 ; 13.348 ; 13.348 ;
; SW[3]      ; HEX0[1]     ; 13.316 ; 13.316 ; 13.316 ; 13.316 ;
; SW[3]      ; HEX0[2]     ; 13.317 ; 13.317 ; 13.317 ; 13.317 ;
; SW[3]      ; HEX0[3]     ; 13.102 ; 13.102 ; 13.102 ; 13.102 ;
; SW[3]      ; HEX0[4]     ; 13.110 ; 13.110 ; 13.110 ; 13.110 ;
; SW[3]      ; HEX0[5]     ; 13.082 ; 13.082 ; 13.082 ; 13.082 ;
; SW[3]      ; HEX0[6]     ; 13.090 ; 13.090 ; 13.090 ; 13.090 ;
; SW[3]      ; HEX1[0]     ; 9.776  ; 9.776  ; 9.776  ; 9.776  ;
; SW[3]      ; HEX1[3]     ; 9.642  ; 9.642  ; 9.642  ; 9.642  ;
; SW[3]      ; HEX1[4]     ; 9.662  ; 9.662  ; 9.662  ; 9.662  ;
; SW[3]      ; HEX1[5]     ; 9.340  ; 9.340  ; 9.340  ; 9.340  ;
; SW[3]      ; HEX4[0]     ; 9.336  ; 9.336  ; 9.336  ; 9.336  ;
; SW[3]      ; HEX4[1]     ; 8.107  ; 8.107  ; 8.107  ; 8.107  ;
; SW[3]      ; HEX4[2]     ; 8.498  ; 8.498  ; 8.498  ; 8.498  ;
; SW[3]      ; HEX4[3]     ; 8.943  ; 8.943  ; 8.943  ; 8.943  ;
; SW[3]      ; HEX4[4]     ; 7.753  ; 7.753  ; 7.753  ; 7.753  ;
; SW[3]      ; HEX4[5]     ; 7.962  ; 7.962  ; 7.962  ; 7.962  ;
; SW[3]      ; HEX4[6]     ; 9.160  ; 9.160  ; 9.160  ; 9.160  ;
; SW[3]      ; LEDR[3]     ; 5.425  ;        ;        ; 5.425  ;
; SW[4]      ; HEX0[0]     ; 14.157 ; 14.157 ; 14.157 ; 14.157 ;
; SW[4]      ; HEX0[1]     ; 14.125 ; 14.125 ; 14.125 ; 14.125 ;
; SW[4]      ; HEX0[2]     ; 14.126 ; 14.126 ; 14.126 ; 14.126 ;
; SW[4]      ; HEX0[3]     ; 13.911 ; 13.911 ; 13.911 ; 13.911 ;
; SW[4]      ; HEX0[4]     ; 13.919 ; 13.919 ; 13.919 ; 13.919 ;
; SW[4]      ; HEX0[5]     ; 13.891 ; 13.891 ; 13.891 ; 13.891 ;
; SW[4]      ; HEX0[6]     ; 13.899 ; 13.899 ; 13.899 ; 13.899 ;
; SW[4]      ; HEX1[0]     ; 10.585 ; 10.585 ; 10.585 ; 10.585 ;
; SW[4]      ; HEX1[3]     ; 10.451 ; 10.451 ; 10.451 ; 10.451 ;
; SW[4]      ; HEX1[4]     ; 10.471 ; 10.471 ; 10.471 ; 10.471 ;
; SW[4]      ; HEX1[5]     ; 10.149 ; 10.149 ; 10.149 ; 10.149 ;
; SW[4]      ; HEX6[0]     ; 8.308  ; 8.308  ; 8.308  ; 8.308  ;
; SW[4]      ; HEX6[1]     ; 9.328  ; 9.328  ; 9.328  ; 9.328  ;
; SW[4]      ; HEX6[2]     ;        ; 8.570  ; 8.570  ;        ;
; SW[4]      ; HEX6[3]     ; 8.264  ; 8.264  ; 8.264  ; 8.264  ;
; SW[4]      ; HEX6[4]     ; 8.697  ;        ;        ; 8.697  ;
; SW[4]      ; HEX6[5]     ; 9.583  ;        ;        ; 9.583  ;
; SW[4]      ; HEX6[6]     ; 8.429  ;        ;        ; 8.429  ;
; SW[4]      ; LEDR[4]     ; 5.280  ;        ;        ; 5.280  ;
; SW[5]      ; HEX0[0]     ; 13.826 ; 13.826 ; 13.826 ; 13.826 ;
; SW[5]      ; HEX0[1]     ; 13.794 ; 13.794 ; 13.794 ; 13.794 ;
; SW[5]      ; HEX0[2]     ; 13.795 ; 13.795 ; 13.795 ; 13.795 ;
; SW[5]      ; HEX0[3]     ; 13.580 ; 13.580 ; 13.580 ; 13.580 ;
; SW[5]      ; HEX0[4]     ; 13.588 ; 13.588 ; 13.588 ; 13.588 ;
; SW[5]      ; HEX0[5]     ; 13.560 ; 13.560 ; 13.560 ; 13.560 ;
; SW[5]      ; HEX0[6]     ; 13.568 ; 13.568 ; 13.568 ; 13.568 ;
; SW[5]      ; HEX1[0]     ; 10.254 ; 10.254 ; 10.254 ; 10.254 ;
; SW[5]      ; HEX1[3]     ; 10.120 ; 10.120 ; 10.120 ; 10.120 ;
; SW[5]      ; HEX1[4]     ; 10.140 ; 10.140 ; 10.140 ; 10.140 ;
; SW[5]      ; HEX1[5]     ; 9.818  ; 9.818  ; 9.818  ; 9.818  ;
; SW[5]      ; HEX6[0]     ; 7.977  ; 7.977  ; 7.977  ; 7.977  ;
; SW[5]      ; HEX6[1]     ; 8.997  ; 8.997  ; 8.997  ; 8.997  ;
; SW[5]      ; HEX6[2]     ; 8.279  ; 8.279  ; 8.279  ; 8.279  ;
; SW[5]      ; HEX6[3]     ; 7.933  ; 7.933  ; 7.933  ; 7.933  ;
; SW[5]      ; HEX6[4]     ; 8.366  ; 8.366  ; 8.366  ; 8.366  ;
; SW[5]      ; HEX6[5]     ; 9.250  ; 9.250  ; 9.250  ; 9.250  ;
; SW[5]      ; HEX6[6]     ; 8.098  ; 8.098  ; 8.098  ; 8.098  ;
; SW[5]      ; LEDR[5]     ; 5.702  ;        ;        ; 5.702  ;
; SW[6]      ; HEX0[0]     ; 14.171 ; 14.171 ; 14.171 ; 14.171 ;
; SW[6]      ; HEX0[1]     ; 14.139 ; 14.139 ; 14.139 ; 14.139 ;
; SW[6]      ; HEX0[2]     ; 14.140 ; 14.140 ; 14.140 ; 14.140 ;
; SW[6]      ; HEX0[3]     ; 13.925 ; 13.925 ; 13.925 ; 13.925 ;
; SW[6]      ; HEX0[4]     ; 13.933 ; 13.933 ; 13.933 ; 13.933 ;
; SW[6]      ; HEX0[5]     ; 13.905 ; 13.905 ; 13.905 ; 13.905 ;
; SW[6]      ; HEX0[6]     ; 13.913 ; 13.913 ; 13.913 ; 13.913 ;
; SW[6]      ; HEX1[0]     ; 10.599 ; 10.599 ; 10.599 ; 10.599 ;
; SW[6]      ; HEX1[3]     ; 10.465 ; 10.465 ; 10.465 ; 10.465 ;
; SW[6]      ; HEX1[4]     ; 10.485 ; 10.485 ; 10.485 ; 10.485 ;
; SW[6]      ; HEX1[5]     ; 10.163 ; 10.163 ; 10.163 ; 10.163 ;
; SW[6]      ; HEX6[0]     ; 8.322  ; 8.322  ; 8.322  ; 8.322  ;
; SW[6]      ; HEX6[1]     ; 9.342  ;        ;        ; 9.342  ;
; SW[6]      ; HEX6[2]     ; 8.624  ; 8.624  ; 8.624  ; 8.624  ;
; SW[6]      ; HEX6[3]     ; 8.276  ; 8.276  ; 8.276  ; 8.276  ;
; SW[6]      ; HEX6[4]     ; 8.711  ;        ;        ; 8.711  ;
; SW[6]      ; HEX6[5]     ; 9.594  ; 9.594  ; 9.594  ; 9.594  ;
; SW[6]      ; HEX6[6]     ; 8.443  ; 8.443  ; 8.443  ; 8.443  ;
; SW[6]      ; LEDR[6]     ; 5.340  ;        ;        ; 5.340  ;
; SW[7]      ; HEX0[0]     ; 14.927 ; 14.927 ; 14.927 ; 14.927 ;
; SW[7]      ; HEX0[1]     ; 14.895 ; 14.895 ; 14.895 ; 14.895 ;
; SW[7]      ; HEX0[2]     ; 14.896 ; 14.896 ; 14.896 ; 14.896 ;
; SW[7]      ; HEX0[3]     ; 14.681 ; 14.681 ; 14.681 ; 14.681 ;
; SW[7]      ; HEX0[4]     ; 14.689 ; 14.689 ; 14.689 ; 14.689 ;
; SW[7]      ; HEX0[5]     ; 14.661 ; 14.661 ; 14.661 ; 14.661 ;
; SW[7]      ; HEX0[6]     ; 14.669 ; 14.669 ; 14.669 ; 14.669 ;
; SW[7]      ; HEX1[0]     ; 11.355 ; 11.355 ; 11.355 ; 11.355 ;
; SW[7]      ; HEX1[3]     ; 11.221 ; 11.221 ; 11.221 ; 11.221 ;
; SW[7]      ; HEX1[4]     ; 11.241 ; 11.241 ; 11.241 ; 11.241 ;
; SW[7]      ; HEX1[5]     ; 10.919 ; 10.919 ; 10.919 ; 10.919 ;
; SW[7]      ; HEX6[0]     ; 9.091  ; 9.091  ; 9.091  ; 9.091  ;
; SW[7]      ; HEX6[1]     ; 10.115 ; 10.115 ; 10.115 ; 10.115 ;
; SW[7]      ; HEX6[2]     ; 9.419  ; 9.419  ; 9.419  ; 9.419  ;
; SW[7]      ; HEX6[3]     ; 9.081  ; 9.081  ; 9.081  ; 9.081  ;
; SW[7]      ; HEX6[4]     ; 9.511  ; 9.511  ; 9.511  ; 9.511  ;
; SW[7]      ; HEX6[5]     ; 10.397 ; 10.397 ; 10.397 ; 10.397 ;
; SW[7]      ; HEX6[6]     ; 9.220  ; 9.220  ; 9.220  ; 9.220  ;
; SW[7]      ; LEDR[7]     ; 6.279  ;        ;        ; 6.279  ;
; SW[8]      ; HEX0[0]     ; 15.829 ; 15.829 ; 15.829 ; 15.829 ;
; SW[8]      ; HEX0[1]     ; 15.797 ; 15.797 ; 15.797 ; 15.797 ;
; SW[8]      ; HEX0[2]     ; 15.798 ; 15.798 ; 15.798 ; 15.798 ;
; SW[8]      ; HEX0[3]     ; 15.583 ; 15.583 ; 15.583 ; 15.583 ;
; SW[8]      ; HEX0[4]     ; 15.591 ; 15.591 ; 15.591 ; 15.591 ;
; SW[8]      ; HEX0[5]     ; 15.563 ; 15.563 ; 15.563 ; 15.563 ;
; SW[8]      ; HEX0[6]     ; 15.571 ; 15.571 ; 15.571 ; 15.571 ;
; SW[8]      ; HEX1[0]     ; 12.257 ; 12.257 ; 12.257 ; 12.257 ;
; SW[8]      ; HEX1[3]     ; 12.123 ; 12.123 ; 12.123 ; 12.123 ;
; SW[8]      ; HEX1[4]     ; 12.143 ; 12.143 ; 12.143 ; 12.143 ;
; SW[8]      ; HEX1[5]     ; 11.821 ; 11.821 ; 11.821 ; 11.821 ;
; SW[8]      ; LEDR[8]     ; 5.894  ;        ;        ; 5.894  ;
+------------+-------------+--------+--------+--------+--------+


+----------------------------------------------------------+
; Minimum Progagation Delay                                ;
+------------+-------------+-------+-------+-------+-------+
; Input Port ; Output Port ; RR    ; RF    ; FR    ; FF    ;
+------------+-------------+-------+-------+-------+-------+
; SW[0]      ; HEX0[0]     ; 4.397 ; 4.397 ; 4.397 ; 4.397 ;
; SW[0]      ; HEX0[1]     ; 4.367 ; 4.367 ; 4.367 ; 4.367 ;
; SW[0]      ; HEX0[2]     ; 4.377 ; 4.377 ; 4.377 ; 4.377 ;
; SW[0]      ; HEX0[3]     ; 4.278 ; 4.278 ; 4.278 ; 4.278 ;
; SW[0]      ; HEX0[4]     ; 4.281 ; 4.281 ; 4.281 ; 4.281 ;
; SW[0]      ; HEX0[5]     ; 4.264 ; 4.264 ; 4.264 ; 4.264 ;
; SW[0]      ; HEX0[6]     ; 4.268 ; 4.268 ; 4.268 ; 4.268 ;
; SW[0]      ; HEX1[0]     ; 5.538 ; 5.643 ; 5.643 ; 5.538 ;
; SW[0]      ; HEX1[3]     ; 5.419 ; 5.524 ; 5.524 ; 5.419 ;
; SW[0]      ; HEX1[4]     ; 5.439 ; 5.544 ; 5.544 ; 5.439 ;
; SW[0]      ; HEX1[5]     ; 5.294 ; 5.399 ; 5.399 ; 5.294 ;
; SW[0]      ; HEX4[0]     ; 5.253 ; 5.253 ; 5.253 ; 5.253 ;
; SW[0]      ; HEX4[1]     ; 4.633 ; 4.633 ; 4.633 ; 4.633 ;
; SW[0]      ; HEX4[2]     ;       ; 4.856 ; 4.856 ;       ;
; SW[0]      ; HEX4[3]     ; 5.047 ; 5.047 ; 5.047 ; 5.047 ;
; SW[0]      ; HEX4[4]     ; 4.478 ;       ;       ; 4.478 ;
; SW[0]      ; HEX4[5]     ; 4.581 ;       ;       ; 4.581 ;
; SW[0]      ; HEX4[6]     ; 5.211 ;       ;       ; 5.211 ;
; SW[0]      ; LEDR[0]     ; 3.434 ;       ;       ; 3.434 ;
; SW[1]      ; HEX0[0]     ; 4.678 ; 4.678 ; 4.678 ; 4.678 ;
; SW[1]      ; HEX0[1]     ; 4.648 ; 4.648 ; 4.648 ; 4.648 ;
; SW[1]      ; HEX0[2]     ; 4.658 ; 4.658 ; 4.658 ; 4.658 ;
; SW[1]      ; HEX0[3]     ; 4.559 ; 4.559 ; 4.559 ; 4.559 ;
; SW[1]      ; HEX0[4]     ; 4.562 ; 4.562 ; 4.562 ; 4.562 ;
; SW[1]      ; HEX0[5]     ; 4.545 ; 4.545 ; 4.545 ; 4.545 ;
; SW[1]      ; HEX0[6]     ; 4.549 ; 4.549 ; 4.549 ; 4.549 ;
; SW[1]      ; HEX1[0]     ; 5.260 ; 5.173 ; 5.173 ; 5.260 ;
; SW[1]      ; HEX1[3]     ; 5.141 ; 5.054 ; 5.054 ; 5.141 ;
; SW[1]      ; HEX1[4]     ; 5.161 ; 5.074 ; 5.074 ; 5.161 ;
; SW[1]      ; HEX1[5]     ; 5.016 ; 4.929 ; 4.929 ; 5.016 ;
; SW[1]      ; HEX4[0]     ; 4.993 ; 4.993 ; 4.993 ; 4.993 ;
; SW[1]      ; HEX4[1]     ; 4.371 ; 4.371 ; 4.371 ; 4.371 ;
; SW[1]      ; HEX4[2]     ; 4.580 ; 4.580 ; 4.580 ; 4.580 ;
; SW[1]      ; HEX4[3]     ; 4.767 ; 4.767 ; 4.767 ; 4.767 ;
; SW[1]      ; HEX4[4]     ; 4.213 ; 4.213 ; 4.213 ; 4.213 ;
; SW[1]      ; HEX4[5]     ; 4.310 ; 4.310 ; 4.310 ; 4.310 ;
; SW[1]      ; HEX4[6]     ; 4.935 ; 4.935 ; 4.935 ; 4.935 ;
; SW[1]      ; LEDR[1]     ; 3.023 ;       ;       ; 3.023 ;
; SW[2]      ; HEX0[0]     ; 4.878 ; 4.878 ; 4.878 ; 4.878 ;
; SW[2]      ; HEX0[1]     ; 4.848 ; 4.848 ; 4.848 ; 4.848 ;
; SW[2]      ; HEX0[2]     ; 4.858 ; 4.858 ; 4.858 ; 4.858 ;
; SW[2]      ; HEX0[3]     ; 4.759 ; 4.759 ; 4.759 ; 4.759 ;
; SW[2]      ; HEX0[4]     ; 4.762 ; 4.762 ; 4.762 ; 4.762 ;
; SW[2]      ; HEX0[5]     ; 4.745 ; 4.745 ; 4.745 ; 4.745 ;
; SW[2]      ; HEX0[6]     ; 4.749 ; 4.749 ; 4.749 ; 4.749 ;
; SW[2]      ; HEX1[0]     ; 5.058 ; 4.962 ; 4.962 ; 5.058 ;
; SW[2]      ; HEX1[3]     ; 4.939 ; 4.843 ; 4.843 ; 4.939 ;
; SW[2]      ; HEX1[4]     ; 4.959 ; 4.863 ; 4.863 ; 4.959 ;
; SW[2]      ; HEX1[5]     ; 4.814 ; 4.718 ; 4.718 ; 4.814 ;
; SW[2]      ; HEX4[0]     ; 4.972 ; 4.972 ; 4.972 ; 4.972 ;
; SW[2]      ; HEX4[1]     ; 4.351 ;       ;       ; 4.351 ;
; SW[2]      ; HEX4[2]     ; 4.566 ; 4.566 ; 4.566 ; 4.566 ;
; SW[2]      ; HEX4[3]     ; 4.761 ; 4.761 ; 4.761 ; 4.761 ;
; SW[2]      ; HEX4[4]     ; 4.194 ;       ;       ; 4.194 ;
; SW[2]      ; HEX4[5]     ; 4.294 ; 4.294 ; 4.294 ; 4.294 ;
; SW[2]      ; HEX4[6]     ; 4.920 ; 4.920 ; 4.920 ; 4.920 ;
; SW[2]      ; LEDR[2]     ; 3.204 ;       ;       ; 3.204 ;
; SW[3]      ; HEX0[0]     ; 3.911 ; 3.911 ; 3.911 ; 3.911 ;
; SW[3]      ; HEX0[1]     ; 3.982 ; 3.881 ; 3.881 ; 3.982 ;
; SW[3]      ; HEX0[2]     ; 3.992 ; 3.891 ; 3.891 ; 3.992 ;
; SW[3]      ; HEX0[3]     ; 3.893 ; 3.792 ; 3.792 ; 3.893 ;
; SW[3]      ; HEX0[4]     ; 3.896 ; 3.795 ; 3.795 ; 3.896 ;
; SW[3]      ; HEX0[5]     ; 3.778 ; 3.778 ; 3.778 ; 3.778 ;
; SW[3]      ; HEX0[6]     ; 3.782 ; 3.782 ; 3.782 ; 3.782 ;
; SW[3]      ; HEX1[0]     ; 4.261 ; 4.332 ; 4.332 ; 4.261 ;
; SW[3]      ; HEX1[3]     ; 4.142 ; 4.213 ; 4.213 ; 4.142 ;
; SW[3]      ; HEX1[4]     ; 4.162 ; 4.233 ; 4.233 ; 4.162 ;
; SW[3]      ; HEX1[5]     ; 4.017 ; 4.088 ; 4.088 ; 4.017 ;
; SW[3]      ; HEX4[0]     ; 4.761 ; 4.761 ; 4.761 ; 4.761 ;
; SW[3]      ; HEX4[1]     ; 4.140 ; 4.140 ; 4.140 ; 4.140 ;
; SW[3]      ; HEX4[2]     ; 4.360 ; 4.360 ; 4.360 ; 4.360 ;
; SW[3]      ; HEX4[3]     ; 4.548 ; 4.548 ; 4.548 ; 4.548 ;
; SW[3]      ; HEX4[4]     ; 3.983 ; 3.983 ; 3.983 ; 3.983 ;
; SW[3]      ; HEX4[5]     ; 4.078 ; 4.078 ; 4.078 ; 4.078 ;
; SW[3]      ; HEX4[6]     ; 4.706 ; 4.706 ; 4.706 ; 4.706 ;
; SW[3]      ; LEDR[3]     ; 2.915 ;       ;       ; 2.915 ;
; SW[4]      ; HEX0[0]     ; 3.684 ; 3.684 ; 3.684 ; 3.684 ;
; SW[4]      ; HEX0[1]     ; 3.648 ; 3.648 ; 3.648 ; 3.648 ;
; SW[4]      ; HEX0[2]     ; 3.658 ; 3.658 ; 3.658 ; 3.658 ;
; SW[4]      ; HEX0[3]     ; 3.562 ; 3.562 ; 3.562 ; 3.562 ;
; SW[4]      ; HEX0[4]     ; 3.562 ; 3.562 ; 3.562 ; 3.562 ;
; SW[4]      ; HEX0[5]     ; 3.555 ; 3.555 ; 3.555 ; 3.555 ;
; SW[4]      ; HEX0[6]     ; 3.551 ; 3.551 ; 3.551 ; 3.551 ;
; SW[4]      ; HEX1[0]     ; 4.686 ; 4.589 ; 4.589 ; 4.686 ;
; SW[4]      ; HEX1[3]     ; 4.567 ; 4.470 ; 4.470 ; 4.567 ;
; SW[4]      ; HEX1[4]     ; 4.587 ; 4.490 ; 4.490 ; 4.587 ;
; SW[4]      ; HEX1[5]     ; 4.442 ; 4.345 ; 4.345 ; 4.442 ;
; SW[4]      ; HEX6[0]     ; 4.220 ; 4.220 ; 4.220 ; 4.220 ;
; SW[4]      ; HEX6[1]     ; 4.784 ; 4.784 ; 4.784 ; 4.784 ;
; SW[4]      ; HEX6[2]     ;       ; 4.334 ; 4.334 ;       ;
; SW[4]      ; HEX6[3]     ; 4.230 ; 4.230 ; 4.230 ; 4.230 ;
; SW[4]      ; HEX6[4]     ; 4.418 ;       ;       ; 4.418 ;
; SW[4]      ; HEX6[5]     ; 4.923 ;       ;       ; 4.923 ;
; SW[4]      ; HEX6[6]     ; 4.301 ;       ;       ; 4.301 ;
; SW[4]      ; LEDR[4]     ; 2.842 ;       ;       ; 2.842 ;
; SW[5]      ; HEX0[0]     ; 3.559 ; 3.559 ; 3.559 ; 3.559 ;
; SW[5]      ; HEX0[1]     ; 3.529 ; 3.529 ; 3.529 ; 3.529 ;
; SW[5]      ; HEX0[2]     ; 3.539 ; 3.539 ; 3.539 ; 3.539 ;
; SW[5]      ; HEX0[3]     ; 3.440 ; 3.440 ; 3.440 ; 3.440 ;
; SW[5]      ; HEX0[4]     ; 3.443 ; 3.443 ; 3.443 ; 3.443 ;
; SW[5]      ; HEX0[5]     ; 3.426 ; 3.426 ; 3.426 ; 3.426 ;
; SW[5]      ; HEX0[6]     ; 3.430 ; 3.430 ; 3.430 ; 3.430 ;
; SW[5]      ; HEX1[0]     ; 4.413 ; 4.306 ; 4.306 ; 4.413 ;
; SW[5]      ; HEX1[3]     ; 4.294 ; 4.187 ; 4.187 ; 4.294 ;
; SW[5]      ; HEX1[4]     ; 4.314 ; 4.207 ; 4.207 ; 4.314 ;
; SW[5]      ; HEX1[5]     ; 4.169 ; 4.062 ; 4.062 ; 4.169 ;
; SW[5]      ; HEX6[0]     ; 4.074 ; 4.074 ; 4.074 ; 4.074 ;
; SW[5]      ; HEX6[1]     ; 4.638 ; 4.638 ; 4.638 ; 4.638 ;
; SW[5]      ; HEX6[2]     ; 4.188 ; 4.188 ; 4.188 ; 4.188 ;
; SW[5]      ; HEX6[3]     ; 4.084 ; 4.084 ; 4.084 ; 4.084 ;
; SW[5]      ; HEX6[4]     ; 4.272 ; 4.272 ; 4.272 ; 4.272 ;
; SW[5]      ; HEX6[5]     ; 4.776 ; 4.776 ; 4.776 ; 4.776 ;
; SW[5]      ; HEX6[6]     ; 4.154 ; 4.154 ; 4.154 ; 4.154 ;
; SW[5]      ; LEDR[5]     ; 3.060 ;       ;       ; 3.060 ;
; SW[6]      ; HEX0[0]     ; 4.294 ; 4.294 ; 4.294 ; 4.294 ;
; SW[6]      ; HEX0[1]     ; 4.268 ; 4.268 ; 4.268 ; 4.268 ;
; SW[6]      ; HEX0[2]     ; 4.277 ; 4.277 ; 4.277 ; 4.277 ;
; SW[6]      ; HEX0[3]     ; 4.179 ; 4.179 ; 4.179 ; 4.179 ;
; SW[6]      ; HEX0[4]     ; 4.180 ; 4.180 ; 4.180 ; 4.180 ;
; SW[6]      ; HEX0[5]     ; 4.161 ; 4.161 ; 4.161 ; 4.161 ;
; SW[6]      ; HEX0[6]     ; 4.169 ; 4.169 ; 4.169 ; 4.169 ;
; SW[6]      ; HEX1[0]     ; 4.484 ; 4.377 ; 4.377 ; 4.484 ;
; SW[6]      ; HEX1[3]     ; 4.365 ; 4.258 ; 4.258 ; 4.365 ;
; SW[6]      ; HEX1[4]     ; 4.385 ; 4.278 ; 4.278 ; 4.385 ;
; SW[6]      ; HEX1[5]     ; 4.240 ; 4.133 ; 4.133 ; 4.240 ;
; SW[6]      ; HEX6[0]     ; 4.205 ; 4.205 ; 4.205 ; 4.205 ;
; SW[6]      ; HEX6[1]     ; 4.794 ;       ;       ; 4.794 ;
; SW[6]      ; HEX6[2]     ; 4.319 ; 4.319 ; 4.319 ; 4.319 ;
; SW[6]      ; HEX6[3]     ; 4.213 ; 4.213 ; 4.213 ; 4.213 ;
; SW[6]      ; HEX6[4]     ; 4.402 ;       ;       ; 4.402 ;
; SW[6]      ; HEX6[5]     ; 4.906 ; 4.906 ; 4.906 ; 4.906 ;
; SW[6]      ; HEX6[6]     ; 4.281 ; 4.281 ; 4.281 ; 4.281 ;
; SW[6]      ; LEDR[6]     ; 2.871 ;       ;       ; 2.871 ;
; SW[7]      ; HEX0[0]     ; 4.703 ; 4.703 ; 4.703 ; 4.703 ;
; SW[7]      ; HEX0[1]     ; 4.677 ; 4.677 ; 4.677 ; 4.677 ;
; SW[7]      ; HEX0[2]     ; 4.686 ; 4.686 ; 4.686 ; 4.686 ;
; SW[7]      ; HEX0[3]     ; 4.588 ; 4.588 ; 4.588 ; 4.588 ;
; SW[7]      ; HEX0[4]     ; 4.589 ; 4.589 ; 4.589 ; 4.589 ;
; SW[7]      ; HEX0[5]     ; 4.570 ; 4.570 ; 4.570 ; 4.570 ;
; SW[7]      ; HEX0[6]     ; 4.578 ; 4.578 ; 4.578 ; 4.578 ;
; SW[7]      ; HEX1[0]     ; 4.815 ; 4.911 ; 4.911 ; 4.815 ;
; SW[7]      ; HEX1[3]     ; 4.696 ; 4.792 ; 4.792 ; 4.696 ;
; SW[7]      ; HEX1[4]     ; 4.716 ; 4.812 ; 4.812 ; 4.716 ;
; SW[7]      ; HEX1[5]     ; 4.571 ; 4.667 ; 4.667 ; 4.571 ;
; SW[7]      ; HEX6[0]     ; 4.716 ; 4.716 ; 4.716 ; 4.716 ;
; SW[7]      ; HEX6[1]     ; 5.279 ; 5.279 ; 5.279 ; 5.279 ;
; SW[7]      ; HEX6[2]     ; 4.829 ; 4.829 ; 4.829 ; 4.829 ;
; SW[7]      ; HEX6[3]     ; 4.728 ; 4.728 ; 4.728 ; 4.728 ;
; SW[7]      ; HEX6[4]     ; 4.916 ; 4.916 ; 4.916 ; 4.916 ;
; SW[7]      ; HEX6[5]     ; 5.418 ; 5.418 ; 5.418 ; 5.418 ;
; SW[7]      ; HEX6[6]     ; 4.804 ; 4.804 ; 4.804 ; 4.804 ;
; SW[7]      ; LEDR[7]     ; 3.431 ;       ;       ; 3.431 ;
; SW[8]      ; HEX0[0]     ; 5.050 ; 5.050 ; 5.050 ; 5.050 ;
; SW[8]      ; HEX0[1]     ; 5.014 ; 5.014 ; 5.014 ; 5.014 ;
; SW[8]      ; HEX0[2]     ; 5.024 ; 5.024 ; 5.024 ; 5.024 ;
; SW[8]      ; HEX0[3]     ; 4.928 ; 4.928 ; 4.928 ; 4.928 ;
; SW[8]      ; HEX0[4]     ; 4.928 ; 4.928 ; 4.928 ; 4.928 ;
; SW[8]      ; HEX0[5]     ; 4.921 ; 4.921 ; 4.921 ; 4.921 ;
; SW[8]      ; HEX0[6]     ; 4.917 ; 4.917 ; 4.917 ; 4.917 ;
; SW[8]      ; HEX1[0]     ; 5.999 ; 6.104 ; 6.104 ; 5.999 ;
; SW[8]      ; HEX1[3]     ; 5.880 ; 5.985 ; 5.985 ; 5.880 ;
; SW[8]      ; HEX1[4]     ; 5.900 ; 6.005 ; 6.005 ; 5.900 ;
; SW[8]      ; HEX1[5]     ; 5.755 ; 5.860 ; 5.860 ; 5.755 ;
; SW[8]      ; LEDR[8]     ; 3.227 ;       ;       ; 3.227 ;
+------------+-------------+-------+-------+-------+-------+


-------------------
; Clock Transfers ;
-------------------
Nothing to report.


---------------
; Report TCCS ;
---------------
No dedicated SERDES Transmitter circuitry present in device or used in design


---------------
; Report RSKM ;
---------------
No dedicated SERDES Receiver circuitry present in device or used in design


+------------------------------------------------+
; Unconstrained Paths                            ;
+---------------------------------+-------+------+
; Property                        ; Setup ; Hold ;
+---------------------------------+-------+------+
; Illegal Clocks                  ; 0     ; 0    ;
; Unconstrained Clocks            ; 0     ; 0    ;
; Unconstrained Input Ports       ; 9     ; 9    ;
; Unconstrained Input Port Paths  ; 164   ; 164  ;
; Unconstrained Output Ports      ; 34    ; 34   ;
; Unconstrained Output Port Paths ; 164   ; 164  ;
+---------------------------------+-------+------+


+------------------------------------+
; TimeQuest Timing Analyzer Messages ;
+------------------------------------+
Info: *******************************************************************
Info: Running Quartus II 64-Bit TimeQuest Timing Analyzer
    Info: Version 13.0.1 Build 232 06/12/2013 Service Pack 1 SJ Web Edition
    Info: Processing started: Wed May 04 15:33:37 2016
Info: Command: quartus_sta topoPart4 -c topoPart4
Info: qsta_default_script.tcl version: #1
Warning (20028): Parallel compilation is not licensed and has been disabled
Info (21077): Low junction temperature is 0 degrees C
Info (21077): High junction temperature is 85 degrees C
Critical Warning (332012): Synopsys Design Constraints File file not found: 'topoPart4.sdc'. A Synopsys Design Constraints File is required by the TimeQuest Timing Analyzer to get proper timing constraints. Without it, the Compiler will not properly optimize the design.
Info (332142): No user constrained base clocks found in the design. Calling "derive_clocks -period 1.0"
Info (332096): The command derive_clocks did not find any clocks to derive.  No clocks were created or changed.
Warning (332068): No clocks defined in design.
Info: Found TIMEQUEST_REPORT_SCRIPT_INCLUDE_DEFAULT_ANALYSIS = ON
Info (332159): No clocks to report
Info: Analyzing Slow Model
Info (332140): No fmax paths to report
Info (332140): No Setup paths to report
Info (332140): No Hold paths to report
Info (332140): No Recovery paths to report
Info (332140): No Removal paths to report
Info (332140): No Minimum Pulse Width paths to report
Info (332001): The selected device family is not supported by the report_metastability command.
Info: Analyzing Fast Model
Info (332142): No user constrained base clocks found in the design. Calling "derive_clocks -period 1.0"
Info (332096): The command derive_clocks did not find any clocks to derive.  No clocks were created or changed.
Warning (332068): No clocks defined in design.
Info (332140): No Setup paths to report
Info (332140): No Hold paths to report
Info (332140): No Recovery paths to report
Info (332140): No Removal paths to report
Info (332140): No Minimum Pulse Width paths to report
Info (332001): The selected device family is not supported by the report_metastability command.
Info (332102): Design is not fully constrained for setup requirements
Info (332102): Design is not fully constrained for hold requirements
Info: Quartus II 64-Bit TimeQuest Timing Analyzer was successful. 0 errors, 4 warnings
    Info: Peak virtual memory: 439 megabytes
    Info: Processing ended: Wed May 04 15:33:38 2016
    Info: Elapsed time: 00:00:01
    Info: Total CPU time (on all processors): 00:00:01


